<?xml version="1.0" encoding="UTF-8"?>
<!-- Generated by org.testng.reporters.JUnitXMLReporter -->
<testsuite ignored="0" hostname="LAPTOP-CS6VK75P" failures="1" tests="29" name="TestPhieuXuat" time="0.064" errors="0" timestamp="2023-12-07T14:01:28 ICT">
  <testcase classname="com.ttt.TEST.TestPhieuXuat" name="checkNullTest" time="0.001"/>
  <testcase classname="com.ttt.TEST.TestPhieuXuat" name="checkNullTest" time="0.002"/>
  <testcase classname="com.ttt.TEST.TestPhieuXuat" name="checkNullTest" time="0.001"/>
  <testcase classname="com.ttt.TEST.TestPhieuXuat" name="checkNullTest" time="0.001"/>
  <testcase classname="com.ttt.TEST.TestPhieuXuat" name="lamMoiTest" time="0.003"/>
  <testcase classname="com.ttt.TEST.TestPhieuXuat" name="lamMoiTest" time="0.001"/>
  <testcase classname="com.ttt.TEST.TestPhieuXuat" name="lamMoiTest" time="0.001"/>
  <testcase classname="com.ttt.TEST.TestPhieuXuat" name="lamMoiTest" time="0.0"/>
  <testcase classname="com.ttt.TEST.TestPhieuXuat" name="lamMoiTest" time="0.002"/>
  <testcase classname="com.ttt.TEST.TestPhieuXuat" name="suaPhieuXuat" time="0.001"/>
  <testcase classname="com.ttt.TEST.TestPhieuXuat" name="suaPhieuXuat" time="0.001"/>
  <testcase classname="com.ttt.TEST.TestPhieuXuat" name="suaPhieuXuat" time="0.0"/>
  <testcase classname="com.ttt.TEST.TestPhieuXuat" name="suaPhieuXuat" time="0.002"/>
  <testcase classname="com.ttt.TEST.TestPhieuXuat" name="suaPhieuXuat" time="0.0"/>
  <testcase classname="com.ttt.TEST.TestPhieuXuat" name="suaPhieuXuat" time="0.001"/>
  <testcase classname="com.ttt.TEST.TestPhieuXuat" name="suaPhieuXuat" time="0.001"/>
  <testcase classname="com.ttt.TEST.TestPhieuXuat" name="suaPhieuXuat" time="0.0"/>
  <testcase classname="com.ttt.TEST.TestPhieuXuat" name="themVaoPhieuXuatTest" time="0.0"/>
  <testcase classname="com.ttt.TEST.TestPhieuXuat" name="themVaoPhieuXuatTest" time="0.001"/>
  <testcase classname="com.ttt.TEST.TestPhieuXuat" name="themVaoPhieuXuatTest" time="0.001"/>
  <testcase classname="com.ttt.TEST.TestPhieuXuat" name="themVaoPhieuXuatTest" time="0.001"/>
  <testcase classname="com.ttt.TEST.TestPhieuXuat" name="themVaoPhieuXuatTest" time="0.001"/>
  <testcase classname="com.ttt.TEST.TestPhieuXuat" name="themVaoPhieuXuatTest" time="0.001"/>
  <testcase classname="com.ttt.TEST.TestPhieuXuat" name="themVaoPhieuXuatTest" time="0.001"/>
  <testcase classname="com.ttt.TEST.TestPhieuXuat" name="xoaPhieuXuat" time="0.003"/>
  <testcase classname="com.ttt.TEST.TestPhieuXuat" name="xoaPhieuXuat" time="0.001"/>
  <testcase classname="com.ttt.TEST.TestPhieuXuat" name="xoaPhieuXuat" time="0.001"/>
  <testcase classname="com.ttt.TEST.TestPhieuXuat" name="xoaPhieuXuat" time="0.0">
    <failure type="java.lang.AssertionError" message="expected [Có lỗi. Vui lòng kiểm tra lại thông tin!] but found [Thông báo phiếu xuất chưa có trong cơ sở dữ liệu. Vui lòng chọn phiếu xuất khác]">
      <![CDATA[java.lang.AssertionError: expected [Có lỗi. Vui lòng kiểm tra lại thông tin!] but found [Thông báo phiếu xuất chưa có trong cơ sở dữ liệu. Vui lòng chọn phiếu xuất khác]
at com.ttt.TEST.TestPhieuXuat.xoaPhieuXuat(TestPhieuXuat.java:237)
at java.base/java.util.ArrayList.forEach(ArrayList.java:1511)
... Removed 32 stack frames]]>
    </failure>
  </testcase> <!-- xoaPhieuXuat -->
  <testcase classname="com.ttt.TEST.TestPhieuXuat" name="xoaPhieuXuat" time="0.001"/>
</testsuite> <!-- TestPhieuXuat -->
