<?xml version="1.0" encoding="UTF-8"?>
<!-- Generated by org.testng.reporters.JUnitXMLReporter -->
<testsuite ignored="0" hostname="LAPTOP-CS6VK75P" failures="3" tests="19" name="TestNhanVien" time="0.105" errors="0" timestamp="2023-12-07T14:01:28 ICT">
  <testcase classname="com.ttt.TEST.TestNhanVien" name="UpdateNhanVien" time="0.005"/>
  <testcase classname="com.ttt.TEST.TestNhanVien" name="UpdateNhanVien" time="0.0"/>
  <testcase classname="com.ttt.TEST.TestNhanVien" name="UpdateNhanVien" time="0.001"/>
  <testcase classname="com.ttt.TEST.TestNhanVien" name="UpdateNhanVien" time="0.001"/>
  <testcase classname="com.ttt.TEST.TestNhanVien" name="UpdateNhanVien" time="0.001"/>
  <testcase classname="com.ttt.TEST.TestNhanVien" name="UpdateNhanVien" time="0.001"/>
  <testcase classname="com.ttt.TEST.TestNhanVien" name="XoaNhanVien_ThanhCong" time="0.001">
    <failure type="org.testng.internal.reflect.MethodMatcherException" message="
[public void com.ttt.TEST.TestNhanVien.XoaNhanVien_ThanhCong(java.lang.String,java.lang.String)] has no parameters defined but was found to be using a data provider (either explicitly specified or inherited from class level annotation).
Data provider mismatch
Method: XoaNhanVien_ThanhCong([Parameter{index=0, type=java.lang.String, declaredAnnotations=[]}, Parameter{index=1, type=java.lang.String, declaredAnnotations=[]}])
Arguments: [(java.lang.String) NV2023072100002,(java.lang.String) Hồ Trọng Tường,(java.lang.String) Hậu Giang,(java.lang.String) tuong@gmail.com@gmail.com,(java.lang.String) 11111111,(java.lang.String) 1999-01-08,(java.lang.String) Thành công]">
      <![CDATA[org.testng.internal.reflect.MethodMatcherException: 
[public void com.ttt.TEST.TestNhanVien.XoaNhanVien_ThanhCong(java.lang.String,java.lang.String)] has no parameters defined but was found to be using a data provider (either explicitly specified or inherited from class level annotation).
Data provider mismatch
Method: XoaNhanVien_ThanhCong([Parameter{index=0, type=java.lang.String, declaredAnnotations=[]}, Parameter{index=1, type=java.lang.String, declaredAnnotations=[]}])
Arguments: [(java.lang.String) NV2023072100002,(java.lang.String) Hồ Trọng Tường,(java.lang.String) Hậu Giang,(java.lang.String) tuong@gmail.com@gmail.com,(java.lang.String) 11111111,(java.lang.String) 1999-01-08,(java.lang.String) Thành công]
at java.base/java.util.ArrayList.forEach(ArrayList.java:1511)
... Removed 23 stack frames]]>
    </failure>
  </testcase> <!-- XoaNhanVien_ThanhCong -->
  <testcase classname="com.ttt.TEST.TestNhanVien" name="checkNullTest" time="0.001">
    <failure type="org.testng.internal.reflect.MethodMatcherException" message="
[public void com.ttt.TEST.TestNhanVien.checkNullTest(java.lang.String,java.lang.String,int,java.lang.String,java.lang.String,java.lang.String)] has no parameters defined but was found to be using a data provider (either explicitly specified or inherited from class level annotation).
Data provider mismatch
Method: checkNullTest([Parameter{index=0, type=java.lang.String, declaredAnnotations=[]}, Parameter{index=1, type=java.lang.String, declaredAnnotations=[]}, Parameter{index=2, type=int, declaredAnnotations=[]}, Parameter{index=3, type=java.lang.String, declaredAnnotations=[]}, Parameter{index=4, type=java.lang.String, declaredAnnotations=[]}, Parameter{index=5, type=java.lang.String, declaredAnnotations=[]}])
Arguments: [(java.lang.String) Nguyễn Thành Trung,(java.lang.String) trung@gmail.com,(java.lang.String) 1999-01-08,(java.lang.String) 11111111,(java.lang.String) 11111111,(java.lang.String) Thành công]">
      <![CDATA[org.testng.internal.reflect.MethodMatcherException: 
[public void com.ttt.TEST.TestNhanVien.checkNullTest(java.lang.String,java.lang.String,int,java.lang.String,java.lang.String,java.lang.String)] has no parameters defined but was found to be using a data provider (either explicitly specified or inherited from class level annotation).
Data provider mismatch
Method: checkNullTest([Parameter{index=0, type=java.lang.String, declaredAnnotations=[]}, Parameter{index=1, type=java.lang.String, declaredAnnotations=[]}, Parameter{index=2, type=int, declaredAnnotations=[]}, Parameter{index=3, type=java.lang.String, declaredAnnotations=[]}, Parameter{index=4, type=java.lang.String, declaredAnnotations=[]}, Parameter{index=5, type=java.lang.String, declaredAnnotations=[]}])
Arguments: [(java.lang.String) Nguyễn Thành Trung,(java.lang.String) trung@gmail.com,(java.lang.String) 1999-01-08,(java.lang.String) 11111111,(java.lang.String) 11111111,(java.lang.String) Thành công]
at java.base/java.util.ArrayList.forEach(ArrayList.java:1511)
... Removed 23 stack frames]]>
    </failure>
  </testcase> <!-- checkNullTest -->
  <testcase classname="com.ttt.TEST.TestNhanVien" name="checkTrungMaNV" time="0.039"/>
  <testcase classname="com.ttt.TEST.TestNhanVien" name="checkTrungMaNV" time="0.033"/>
  <testcase classname="com.ttt.TEST.TestNhanVien" name="deleteTest" time="0.0">
    <failure type="org.testng.internal.reflect.MethodMatcherException" message="
[public void com.ttt.TEST.TestNhanVien.deleteTest(java.lang.String)] has no parameters defined but was found to be using a data provider (either explicitly specified or inherited from class level annotation).
Data provider mismatch
Method: deleteTest([Parameter{index=0, type=java.lang.String, declaredAnnotations=[]}])
Arguments: [(java.lang.String) NV2023072100002,(java.lang.String) Hồ Trọng Tường,(java.lang.String) Hậu Giang,(java.lang.String) tuong@gmail.com@gmail.com,(java.lang.String) 11111111,(java.lang.String) 1999-01-08,(java.lang.String) Thành công]">
      <![CDATA[org.testng.internal.reflect.MethodMatcherException: 
[public void com.ttt.TEST.TestNhanVien.deleteTest(java.lang.String)] has no parameters defined but was found to be using a data provider (either explicitly specified or inherited from class level annotation).
Data provider mismatch
Method: deleteTest([Parameter{index=0, type=java.lang.String, declaredAnnotations=[]}])
Arguments: [(java.lang.String) NV2023072100002,(java.lang.String) Hồ Trọng Tường,(java.lang.String) Hậu Giang,(java.lang.String) tuong@gmail.com@gmail.com,(java.lang.String) 11111111,(java.lang.String) 1999-01-08,(java.lang.String) Thành công]
at java.base/java.util.ArrayList.forEach(ArrayList.java:1511)
... Removed 23 stack frames]]>
    </failure>
  </testcase> <!-- deleteTest -->
  <testcase classname="com.ttt.TEST.TestNhanVien" name="themnvPass" time="0.001"/>
  <testcase classname="com.ttt.TEST.TestNhanVien" name="themnvPass" time="0.0"/>
  <testcase classname="com.ttt.TEST.TestNhanVien" name="themnvPass" time="0.0"/>
  <testcase classname="com.ttt.TEST.TestNhanVien" name="themnvPass" time="0.0"/>
  <testcase classname="com.ttt.TEST.TestNhanVien" name="themnvPass" time="0.0"/>
  <testcase classname="com.ttt.TEST.TestNhanVien" name="themnvPass" time="0.0"/>
  <testcase classname="com.ttt.TEST.TestNhanVien" name="themnvPass" time="0.0"/>
  <testcase classname="com.ttt.TEST.TestNhanVien" name="themnvPass" time="0.0"/>
</testsuite> <!-- TestNhanVien -->
