<?xml version="1.0" encoding="UTF-8"?>
<testng-results ignored="0" total="1" passed="1" failed="0" skipped="0">
  <reporter-output>
  </reporter-output>
  <suite started-at="2023-12-09T14:23:51 ICT" name="Default suite" finished-at="2023-12-09T14:25:06 ICT" duration-ms="74364">
    <groups>
    </groups>
    <test started-at="2023-12-09T14:23:51 ICT" name="Default test" finished-at="2023-12-09T14:25:06 ICT" duration-ms="74364">
      <class name="com.ttt.TEST.TestLoginWebExportExecl">
        <test-method is-config="true" signature="suiteTest()[pri:0, instance:com.ttt.TEST.TestLoginWebExportExecl@2362f559]" started-at="2023-12-09T14:23:51 ICT" name="suiteTest" finished-at="2023-12-09T14:23:53 ICT" duration-ms="1798" status="PASS">
          <reporter-output>
          </reporter-output>
        </test-method> <!-- suiteTest -->
        <test-method signature="LoginTestSuccess()[pri:0, instance:com.ttt.TEST.TestLoginWebExportExecl@2362f559]" started-at="2023-12-09T14:23:53 ICT" name="LoginTestSuccess" finished-at="2023-12-09T14:25:05 ICT" duration-ms="72012" status="PASS">
          <reporter-output>
          </reporter-output>
        </test-method> <!-- LoginTestSuccess -->
        <test-method is-config="true" signature="suiteTearDown()[pri:0, instance:com.ttt.TEST.TestLoginWebExportExecl@2362f559]" started-at="2023-12-09T14:25:05 ICT" name="suiteTearDown" finished-at="2023-12-09T14:25:06 ICT" duration-ms="520" status="PASS">
          <reporter-output>
          </reporter-output>
        </test-method> <!-- suiteTearDown -->
      </class> <!-- com.ttt.TEST.TestLoginWebExportExecl -->
    </test> <!-- Default test -->
  </suite> <!-- Default suite -->
</testng-results>
