<?xml version="1.0" encoding="UTF-8"?>
<testng-results ignored="0" total="1" passed="1" failed="0" skipped="0">
  <reporter-output>
  </reporter-output>
  <suite started-at="2023-12-06T23:17:21 ICT" name="Default suite" finished-at="2023-12-06T23:17:49 ICT" duration-ms="27826">
    <groups>
    </groups>
    <test started-at="2023-12-06T23:17:21 ICT" name="Default test" finished-at="2023-12-06T23:17:49 ICT" duration-ms="27826">
      <class name="com.ttt.TEST.TestWeb">
        <test-method is-config="true" signature="setup()[pri:0, instance:com.ttt.TEST.TestWeb@2d1ef81a]" started-at="2023-12-06T23:17:21 ICT" name="setup" finished-at="2023-12-06T23:17:25 ICT" duration-ms="4454" status="PASS">
          <reporter-output>
          </reporter-output>
        </test-method> <!-- setup -->
        <test-method signature="hanKookTest()[pri:0, instance:com.ttt.TEST.TestWeb@2d1ef81a]" started-at="2023-12-06T23:17:25 ICT" name="hanKookTest" finished-at="2023-12-06T23:17:43 ICT" duration-ms="18130" status="PASS">
          <reporter-output>
          </reporter-output>
        </test-method> <!-- hanKookTest -->
        <test-method is-config="true" signature="closeBrownser()[pri:0, instance:com.ttt.TEST.TestWeb@2d1ef81a]" started-at="2023-12-06T23:17:43 ICT" name="closeBrownser" finished-at="2023-12-06T23:17:49 ICT" duration-ms="5216" status="PASS">
          <reporter-output>
          </reporter-output>
        </test-method> <!-- closeBrownser -->
      </class> <!-- com.ttt.TEST.TestWeb -->
    </test> <!-- Default test -->
  </suite> <!-- Default suite -->
</testng-results>
