<?xml version="1.0" encoding="UTF-8"?>
<!-- Generated by org.testng.reporters.JUnitXMLReporter -->
<testsuite ignored="0" hostname="LAPTOP-CS6VK75P" failures="8" tests="18" name="TestDoiMatKhau" time="0.139" errors="0" timestamp="2023-12-08T10:24:03 ICT">
  <testcase classname="com.ttt.TEST.TestDoiMatKhau" name="checkNullTest" time="0.019">
    <failure type="java.lang.AssertionError" message="expected [Vui lòng nhập đầy đủ thông tin] but found [Thông tin đăng nhập không đúng]">
      <![CDATA[java.lang.AssertionError: expected [Vui lòng nhập đầy đủ thông tin] but found [Thông tin đăng nhập không đúng]
at com.ttt.TEST.TestDoiMatKhau.checkNullTest(TestDoiMatKhau.java:93)
at java.base/java.util.ArrayList.forEach(ArrayList.java:1511)
... Removed 31 stack frames]]>
    </failure>
  </testcase> <!-- checkNullTest -->
  <testcase classname="com.ttt.TEST.TestDoiMatKhau" name="checkNullTest" time="0.002"/>
  <testcase classname="com.ttt.TEST.TestDoiMatKhau" name="checkNullTest" time="0.002">
    <failure type="java.lang.AssertionError" message="expected [Vui lòng nhập đầy đủ thông tin] but found [Thông tin nhập chưa đúng]">
      <![CDATA[java.lang.AssertionError: expected [Vui lòng nhập đầy đủ thông tin] but found [Thông tin nhập chưa đúng]
at com.ttt.TEST.TestDoiMatKhau.checkNullTest(TestDoiMatKhau.java:93)
at java.base/java.util.ArrayList.forEach(ArrayList.java:1511)
... Removed 31 stack frames]]>
    </failure>
  </testcase> <!-- checkNullTest -->
  <testcase classname="com.ttt.TEST.TestDoiMatKhau" name="checkNullTest" time="0.001"/>
  <testcase classname="com.ttt.TEST.TestDoiMatKhau" name="checkNullTest" time="0.002"/>
  <testcase classname="com.ttt.TEST.TestDoiMatKhau" name="checkNullTest" time="0.002"/>
  <testcase classname="com.ttt.TEST.TestDoiMatKhau" name="checkNullTest" time="0.002">
    <failure type="java.lang.AssertionError" message="expected [Thông tin nhập chưa đúng] but found [Chưa nhập đủ thông tin]">
      <![CDATA[java.lang.AssertionError: expected [Thông tin nhập chưa đúng] but found [Chưa nhập đủ thông tin]
at com.ttt.TEST.TestDoiMatKhau.checkNullTest(TestDoiMatKhau.java:93)
at java.base/java.util.ArrayList.forEach(ArrayList.java:1511)
... Removed 31 stack frames]]>
    </failure>
  </testcase> <!-- checkNullTest -->
  <testcase classname="com.ttt.TEST.TestDoiMatKhau" name="checkNullTest" time="0.001">
    <failure type="java.lang.AssertionError" message="expected [Chưa nhập đủ thông tin] but found [Thông tin nhập chưa đúng]">
      <![CDATA[java.lang.AssertionError: expected [Chưa nhập đủ thông tin] but found [Thông tin nhập chưa đúng]
at com.ttt.TEST.TestDoiMatKhau.checkNullTest(TestDoiMatKhau.java:93)
at java.base/java.util.ArrayList.forEach(ArrayList.java:1511)
... Removed 31 stack frames]]>
    </failure>
  </testcase> <!-- checkNullTest -->
  <testcase classname="com.ttt.TEST.TestDoiMatKhau" name="checkNullTest" time="0.002"/>
  <testcase classname="com.ttt.TEST.TestDoiMatKhau" name="checkNullTest" time="0.001"/>
  <testcase classname="com.ttt.TEST.TestDoiMatKhau" name="checkNullTest" time="0.001"/>
  <testcase classname="com.ttt.TEST.TestDoiMatKhau" name="checkNullTest" time="0.002"/>
  <testcase classname="com.ttt.TEST.TestDoiMatKhau" name="checkNullTest" time="0.002"/>
  <testcase classname="com.ttt.TEST.TestDoiMatKhau" name="checkNullTest" time="0.001">
    <failure type="java.lang.AssertionError" message="expected [Vui lòng nhập mật khẩu mới] but found [Xác nhận mật khẩu không đúng]">
      <![CDATA[java.lang.AssertionError: expected [Vui lòng nhập mật khẩu mới] but found [Xác nhận mật khẩu không đúng]
at com.ttt.TEST.TestDoiMatKhau.checkNullTest(TestDoiMatKhau.java:93)
at java.base/java.util.ArrayList.forEach(ArrayList.java:1511)
... Removed 31 stack frames]]>
    </failure>
  </testcase> <!-- checkNullTest -->
  <testcase classname="com.ttt.TEST.TestDoiMatKhau" name="checkNullTest" time="0.001">
    <failure type="java.lang.AssertionError" message="expected [Vui lòng nhập mật khẩu hiện tại] but found [Thông tin đăng nhập không đúng]">
      <![CDATA[java.lang.AssertionError: expected [Vui lòng nhập mật khẩu hiện tại] but found [Thông tin đăng nhập không đúng]
at com.ttt.TEST.TestDoiMatKhau.checkNullTest(TestDoiMatKhau.java:93)
at java.base/java.util.ArrayList.forEach(ArrayList.java:1511)
... Removed 31 stack frames]]>
    </failure>
  </testcase> <!-- checkNullTest -->
  <testcase classname="com.ttt.TEST.TestDoiMatKhau" name="checkNullTest" time="0.002">
    <failure type="java.lang.AssertionError" message="expected [Vui lòng nhập mật khẩu hiện tại] but found [Thông tin đăng nhập không đúng]">
      <![CDATA[java.lang.AssertionError: expected [Vui lòng nhập mật khẩu hiện tại] but found [Thông tin đăng nhập không đúng]
at com.ttt.TEST.TestDoiMatKhau.checkNullTest(TestDoiMatKhau.java:93)
at java.base/java.util.ArrayList.forEach(ArrayList.java:1511)
... Removed 31 stack frames]]>
    </failure>
  </testcase> <!-- checkNullTest -->
  <testcase classname="com.ttt.TEST.TestDoiMatKhau" name="checkNullTest" time="0.001">
    <failure type="java.lang.AssertionError" message="expected [Vui lòng nhập mã nhân viên] but found [Thông tin đăng nhập không đúng]">
      <![CDATA[java.lang.AssertionError: expected [Vui lòng nhập mã nhân viên] but found [Thông tin đăng nhập không đúng]
at com.ttt.TEST.TestDoiMatKhau.checkNullTest(TestDoiMatKhau.java:93)
at java.base/java.util.ArrayList.forEach(ArrayList.java:1511)
... Removed 31 stack frames]]>
    </failure>
  </testcase> <!-- checkNullTest -->
  <testcase classname="com.ttt.TEST.TestDoiMatKhau" name="checkNullTest" time="0.001"/>
</testsuite> <!-- TestDoiMatKhau -->
