<?xml version="1.0" encoding="UTF-8"?>
<!-- Generated by org.testng.reporters.JUnitXMLReporter -->
<testsuite ignored="0" hostname="LAPTOP-CS6VK75P" failures="12" tests="32" name="TestNhanVienForm" time="1.515" errors="0" timestamp="2023-12-05T15:58:43 ICT">
  <testcase classname="com.ttt.form.test.NhapKho_FormTest" name="checkExistSoKhungTest" time="0.767">
    <failure type="java.lang.AssertionError" message="expected [false] but found [true]">
      <![CDATA[java.lang.AssertionError: expected [false] but found [true]
at com.ttt.form.test.NhapKho_FormTest.checkExistSoKhungTest(NhapKho_FormTest.java:42)
at java.base/java.util.ArrayList.forEach(ArrayList.java:1511)
... Removed 31 stack frames]]>
    </failure>
  </testcase> <!-- checkExistSoKhungTest -->
  <testcase classname="com.ttt.form.test.NhapKho_FormTest" name="checkExistSoKhungTest" time="0.078">
    <failure type="java.lang.AssertionError" message="expected [false] but found [true]">
      <![CDATA[java.lang.AssertionError: expected [false] but found [true]
at com.ttt.form.test.NhapKho_FormTest.checkExistSoKhungTest(NhapKho_FormTest.java:42)
at java.base/java.util.ArrayList.forEach(ArrayList.java:1511)
... Removed 31 stack frames]]>
    </failure>
  </testcase> <!-- checkExistSoKhungTest -->
  <testcase classname="com.ttt.form.test.NhapKho_FormTest" name="checkExistSoKhungTest" time="0.062"/>
  <testcase classname="com.ttt.form.test.NhapKho_FormTest" name="checkExistSoKhungTest" time="0.03">
    <failure type="java.lang.NullPointerException" message="Cannot invoke &amp;quot;String.equalsIgnoreCase(String)&amp;quot; because &amp;quot;maPN&amp;quot; is null">
      <![CDATA[java.lang.NullPointerException: Cannot invoke "String.equalsIgnoreCase(String)" because "maPN" is null
at com.ttt.form.test.NhapKho_FormTest.checkExistSoKhungTest(NhapKho_FormTest.java:32)
at java.base/java.util.ArrayList.forEach(ArrayList.java:1511)
... Removed 25 stack frames]]>
    </failure>
  </testcase> <!-- checkExistSoKhungTest -->
  <testcase classname="com.ttt.form.test.NhapKho_FormTest" name="checkExistSoKhungTest" time="0.054">
    <failure type="java.lang.AssertionError" message="expected [false] but found [true]">
      <![CDATA[java.lang.AssertionError: expected [false] but found [true]
at com.ttt.form.test.NhapKho_FormTest.checkExistSoKhungTest(NhapKho_FormTest.java:42)
at java.base/java.util.ArrayList.forEach(ArrayList.java:1511)
... Removed 31 stack frames]]>
    </failure>
  </testcase> <!-- checkExistSoKhungTest -->
  <testcase classname="com.ttt.form.test.NhapKho_FormTest" name="checkExistSoKhungTest" time="0.053">
    <failure type="java.lang.AssertionError" message="expected [false] but found [true]">
      <![CDATA[java.lang.AssertionError: expected [false] but found [true]
at com.ttt.form.test.NhapKho_FormTest.checkExistSoKhungTest(NhapKho_FormTest.java:42)
at java.base/java.util.ArrayList.forEach(ArrayList.java:1511)
... Removed 31 stack frames]]>
    </failure>
  </testcase> <!-- checkExistSoKhungTest -->
  <testcase classname="com.ttt.form.test.NhapKho_FormTest" name="checkExistSoKhungTest" time="0.053">
    <failure type="java.lang.AssertionError" message="expected [false] but found [true]">
      <![CDATA[java.lang.AssertionError: expected [false] but found [true]
at com.ttt.form.test.NhapKho_FormTest.checkExistSoKhungTest(NhapKho_FormTest.java:42)
at java.base/java.util.ArrayList.forEach(ArrayList.java:1511)
... Removed 31 stack frames]]>
    </failure>
  </testcase> <!-- checkExistSoKhungTest -->
  <testcase classname="com.ttt.form.test.NhapKho_FormTest" name="checkNullTest" time="0.009"/>
  <testcase classname="com.ttt.form.test.NhapKho_FormTest" name="checkNullTest" time="0.002"/>
  <testcase classname="com.ttt.form.test.NhapKho_FormTest" name="checkNullTest" time="0.001"/>
  <testcase classname="com.ttt.form.test.NhapKho_FormTest" name="checkNullTest" time="0.001"/>
  <testcase classname="com.ttt.form.test.NhapKho_FormTest" name="checkNullTest" time="0.002"/>
  <testcase classname="com.ttt.form.test.NhapKho_FormTest" name="checkNullTest" time="0.001"/>
  <testcase classname="com.ttt.form.test.NhapKho_FormTest" name="checkNullTest" time="0.002"/>
  <testcase classname="com.ttt.form.test.NhapKho_FormTest" name="checkNullTest" time="0.002">
    <failure type="java.lang.NullPointerException" message="Cannot invoke &amp;quot;String.trim()&amp;quot; because &amp;quot;in&amp;quot; is null">
      <![CDATA[java.lang.NullPointerException: Cannot invoke "String.trim()" because "in" is null
at java.base/jdk.internal.math.FloatingDecimal.readJavaFormatString(FloatingDecimal.java:1838)
at java.base/jdk.internal.math.FloatingDecimal.parseDouble(FloatingDecimal.java:110)
at java.base/java.lang.Double.parseDouble(Double.java:651)
at com.ttt.form.test.NhapKho_FormTest.checkNullTest(NhapKho_FormTest.java:63)
at java.base/java.util.ArrayList.forEach(ArrayList.java:1511)
... Removed 25 stack frames]]>
    </failure>
  </testcase> <!-- checkNullTest -->
  <testcase classname="com.ttt.form.test.NhapKho_FormTest" name="checkNullTest" time="0.002"/>
  <testcase classname="com.ttt.form.test.NhapKho_FormTest" name="getFormPNTest" time="0.012"/>
  <testcase classname="com.ttt.form.test.NhapKho_FormTest" name="getFormPNTest" time="0.001"/>
  <testcase classname="com.ttt.form.test.NhapKho_FormTest" name="getFormPNTest" time="0.038">
    <failure type="java.lang.NullPointerException" message="Cannot invoke &amp;quot;com.ttt.Entity.PhieuNhap.getMaNhanVien()&amp;quot; because &amp;quot;pnc&amp;quot; is null">
      <![CDATA[java.lang.NullPointerException: Cannot invoke "com.ttt.Entity.PhieuNhap.getMaNhanVien()" because "pnc" is null
at com.ttt.form.test.NhapKho_FormTest.getFormPNTest(NhapKho_FormTest.java:179)
at java.base/java.util.ArrayList.forEach(ArrayList.java:1511)
... Removed 25 stack frames]]>
    </failure>
  </testcase> <!-- getFormPNTest -->
  <testcase classname="com.ttt.form.test.NhapKho_FormTest" name="getFormPNTest" time="0.001"/>
  <testcase classname="com.ttt.form.test.NhapKho_FormTest" name="isExist_PhieuNhapTest" time="0.041"/>
  <testcase classname="com.ttt.form.test.NhapKho_FormTest" name="isExist_PhieuNhapTest" time="0.026"/>
  <testcase classname="com.ttt.form.test.NhapKho_FormTest" name="isExist_PhieuNhapTest" time="0.026"/>
  <testcase classname="com.ttt.form.test.NhapKho_FormTest" name="isExist_PhieuNhapTest" time="0.025"/>
  <testcase classname="com.ttt.form.test.NhapKho_FormTest" name="themPhieuNhapTest" time="0.002">
    <failure type="java.lang.RuntimeException" message="Test not implemented">
      <![CDATA[java.lang.RuntimeException: Test not implemented
at com.ttt.form.test.NhapKho_FormTest.themPhieuNhapTest(NhapKho_FormTest.java:286)
at java.base/java.util.ArrayList.forEach(ArrayList.java:1511)
... Removed 25 stack frames]]>
    </failure>
  </testcase> <!-- themPhieuNhapTest -->
  <testcase classname="com.ttt.form.test.NhapKho_FormTest" name="themXeVaoPhieuNhapTest" time="0.032"/>
  <testcase classname="com.ttt.form.test.NhapKho_FormTest" name="themXeVaoPhieuNhapTest" time="0.023">
    <failure type="java.lang.AssertionError" message="expected [Đã tồn tại số khung] but found [Đã thêm xe vào phiếu nhập]">
      <![CDATA[java.lang.AssertionError: expected [Đã tồn tại số khung] but found [Đã thêm xe vào phiếu nhập]
at com.ttt.form.test.NhapKho_FormTest.themXeVaoPhieuNhapTest(NhapKho_FormTest.java:236)
at java.base/java.util.ArrayList.forEach(ArrayList.java:1511)
... Removed 31 stack frames]]>
    </failure>
  </testcase> <!-- themXeVaoPhieuNhapTest -->
  <testcase classname="com.ttt.form.test.NhapKho_FormTest" name="themXeVaoPhieuNhapTest" time="0.021">
    <failure type="java.lang.AssertionError" message="expected [Đã tồn tại số khung] but found [Đã thêm xe vào phiếu nhập]">
      <![CDATA[java.lang.AssertionError: expected [Đã tồn tại số khung] but found [Đã thêm xe vào phiếu nhập]
at com.ttt.form.test.NhapKho_FormTest.themXeVaoPhieuNhapTest(NhapKho_FormTest.java:236)
at java.base/java.util.ArrayList.forEach(ArrayList.java:1511)
... Removed 31 stack frames]]>
    </failure>
  </testcase> <!-- themXeVaoPhieuNhapTest -->
  <testcase classname="com.ttt.form.test.NhapKho_FormTest" name="themXeVaoPhieuNhapTest" time="0.025"/>
  <testcase classname="com.ttt.form.test.NhapKho_FormTest" name="themXeVaoPhieuNhapTest" time="0.021"/>
  <testcase classname="com.ttt.form.test.NhapKho_FormTest" name="themXeVaoPhieuNhapTest" time="0.001"/>
  <testcase classname="com.ttt.form.test.NhapKho_FormTest" name="xoaTest" time="0.002">
    <failure type="org.testng.internal.reflect.MethodMatcherException" message="
[public void com.ttt.form.test.NhapKho_FormTest.xoaTest(java.lang.Boolean,java.lang.String,java.lang.String,java.lang.String,double,boolean,java.lang.String)] has no parameters defined but was found to be using a data provider (either explicitly specified or inherited from class level annotation).
Data provider mismatch
Method: xoaTest([Parameter{index=0, type=java.lang.Boolean, declaredAnnotations=[]}, Parameter{index=1, type=java.lang.String, declaredAnnotations=[]}, Parameter{index=2, type=java.lang.String, declaredAnnotations=[]}, Parameter{index=3, type=java.lang.String, declaredAnnotations=[]}, Parameter{index=4, type=double, declaredAnnotations=[]}, Parameter{index=5, type=boolean, declaredAnnotations=[]}, Parameter{index=6, type=java.lang.String, declaredAnnotations=[]}])
Arguments: [(java.lang.Boolean) true,(java.lang.String) ,(java.lang.String) ,(java.lang.String) ,(java.lang.String) ,(java.lang.Boolean) true,(java.lang.String) Thông báo phiếu nhập chưa có trong cơ sở dữ liệu. Vui lòng chọn phiếu nhập khác]">
      <![CDATA[org.testng.internal.reflect.MethodMatcherException: 
[public void com.ttt.form.test.NhapKho_FormTest.xoaTest(java.lang.Boolean,java.lang.String,java.lang.String,java.lang.String,double,boolean,java.lang.String)] has no parameters defined but was found to be using a data provider (either explicitly specified or inherited from class level annotation).
Data provider mismatch
Method: xoaTest([Parameter{index=0, type=java.lang.Boolean, declaredAnnotations=[]}, Parameter{index=1, type=java.lang.String, declaredAnnotations=[]}, Parameter{index=2, type=java.lang.String, declaredAnnotations=[]}, Parameter{index=3, type=java.lang.String, declaredAnnotations=[]}, Parameter{index=4, type=double, declaredAnnotations=[]}, Parameter{index=5, type=boolean, declaredAnnotations=[]}, Parameter{index=6, type=java.lang.String, declaredAnnotations=[]}])
Arguments: [(java.lang.Boolean) true,(java.lang.String) ,(java.lang.String) ,(java.lang.String) ,(java.lang.String) ,(java.lang.Boolean) true,(java.lang.String) Thông báo phiếu nhập chưa có trong cơ sở dữ liệu. Vui lòng chọn phiếu nhập khác]
at java.base/java.util.ArrayList.forEach(ArrayList.java:1511)
... Removed 22 stack frames]]>
    </failure>
  </testcase> <!-- xoaTest -->
</testsuite> <!-- TestNhanVienForm -->
