<?xml version="1.0" encoding="UTF-8"?>
<!-- Generated by org.testng.reporters.JUnitXMLReporter -->
<testsuite ignored="0" hostname="LAPTOP-CS6VK75P" failures="3" tests="6" name="TestDangNhap" time="0.561" errors="0" timestamp="2023-12-07T09:04:49 ICT">
  <testcase classname="com.ttt.TEST.TestDangNhap" name="loginTest" time="0.387">
    <failure type="java.lang.AssertionError" message="expected [Vui lòng nhập mã nhân viên] but found [Sai tên đăng nhập]">
      <![CDATA[java.lang.AssertionError: expected [Vui lòng nhập mã nhân viên] but found [Sai tên đăng nhập]
at com.ttt.TEST.TestDangNhap.loginTest(TestDangNhap.java:26)
at java.base/java.util.ArrayList.forEach(ArrayList.java:1511)
... Removed 31 stack frames]]>
    </failure>
  </testcase> <!-- loginTest -->
  <testcase classname="com.ttt.TEST.TestDangNhap" name="loginTest" time="0.03"/>
  <testcase classname="com.ttt.TEST.TestDangNhap" name="loginTest" time="0.03">
    <failure type="java.lang.AssertionError" message="expected [Vui lòng nhập mật khẩu] but found [Sai mật khẩu]">
      <![CDATA[java.lang.AssertionError: expected [Vui lòng nhập mật khẩu] but found [Sai mật khẩu]
at com.ttt.TEST.TestDangNhap.loginTest(TestDangNhap.java:26)
at java.base/java.util.ArrayList.forEach(ArrayList.java:1511)
... Removed 31 stack frames]]>
    </failure>
  </testcase> <!-- loginTest -->
  <testcase classname="com.ttt.TEST.TestDangNhap" name="loginTest" time="0.024"/>
  <testcase classname="com.ttt.TEST.TestDangNhap" name="loginTest" time="0.021">
    <failure type="java.lang.AssertionError" message="expected [Đăng nhập sai tài khoản] but found [Sai tên đăng nhập]">
      <![CDATA[java.lang.AssertionError: expected [Đăng nhập sai tài khoản] but found [Sai tên đăng nhập]
at com.ttt.TEST.TestDangNhap.loginTest(TestDangNhap.java:26)
at java.base/java.util.ArrayList.forEach(ArrayList.java:1511)
... Removed 31 stack frames]]>
    </failure>
  </testcase> <!-- loginTest -->
  <testcase classname="com.ttt.TEST.TestDangNhap" name="loginTest" time="0.027"/>
</testsuite> <!-- TestDangNhap -->
