<?xml version="1.0" encoding="UTF-8"?>
<testng-results ignored="0" total="214" passed="166" failed="48" skipped="0">
  <reporter-output>
  </reporter-output>
  <suite started-at="2023-12-07T14:01:28 ICT" name="SuiteHiNo" finished-at="2023-12-07T14:01:29 ICT" duration-ms="1109">
    <groups>
    </groups>
    <test started-at="2023-12-07T14:01:28 ICT" name="main-suite-test1" finished-at="2023-12-07T14:01:29 ICT" duration-ms="1109">
      <class name="com.ttt.TEST.TestPhieuNhap">
        <test-method signature="checkExistSoKhungTest(java.lang.String,java.lang.String,java.lang.String)[pri:0, instance:com.ttt.TEST.TestPhieuNhap@3c9754d8]" started-at="2023-12-07T14:01:28 ICT" name="checkExistSoKhungTest" data-provider="dataCheckSK" finished-at="2023-12-07T14:01:28 ICT" duration-ms="41" status="FAIL">
          <params>
            <param index="0">
              <value>
                <![CDATA[SK 788]]>
              </value>
            </param>
            <param index="1">
              <value>
                <![CDATA[PN2023072100001]]>
              </value>
            </param>
            <param index="2">
              <value>
                <![CDATA[Đã tồn tại số khung]]>
              </value>
            </param>
          </params>
          <exception class="java.lang.AssertionError">
            <message>
              <![CDATA[expected [Đã tồn tại số khung] but found []]]>
            </message>
            <full-stacktrace>
              <![CDATA[java.lang.AssertionError: expected [Đã tồn tại số khung] but found []
at org.testng.Assert.fail(Assert.java:99)
at org.testng.Assert.failNotEquals(Assert.java:1037)
at org.testng.Assert.assertEqualsImpl(Assert.java:140)
at org.testng.Assert.assertEquals(Assert.java:122)
at org.testng.Assert.assertEquals(Assert.java:629)
at org.testng.Assert.assertEquals(Assert.java:639)
at com.ttt.TEST.TestPhieuNhap.checkExistSoKhungTest(TestPhieuNhap.java:38)
at java.base/jdk.internal.reflect.DirectMethodHandleAccessor.invoke(DirectMethodHandleAccessor.java:104)
at java.base/java.lang.reflect.Method.invoke(Method.java:577)
at org.testng.internal.MethodInvocationHelper.invokeMethod(MethodInvocationHelper.java:133)
at org.testng.internal.TestInvoker.invokeMethod(TestInvoker.java:598)
at org.testng.internal.TestInvoker.invokeTestMethod(TestInvoker.java:173)
at org.testng.internal.MethodRunner.runInSequence(MethodRunner.java:46)
at org.testng.internal.TestInvoker$MethodInvocationAgent.invoke(TestInvoker.java:824)
at org.testng.internal.TestInvoker.invokeTestMethods(TestInvoker.java:146)
at org.testng.internal.TestMethodWorker.invokeTestMethods(TestMethodWorker.java:146)
at org.testng.internal.TestMethodWorker.run(TestMethodWorker.java:128)
at java.base/java.util.ArrayList.forEach(ArrayList.java:1511)
at org.testng.TestRunner.privateRun(TestRunner.java:794)
at org.testng.TestRunner.run(TestRunner.java:596)
at org.testng.SuiteRunner.runTest(SuiteRunner.java:377)
at org.testng.SuiteRunner.runSequentially(SuiteRunner.java:371)
at org.testng.SuiteRunner.privateRun(SuiteRunner.java:332)
at org.testng.SuiteRunner.run(SuiteRunner.java:276)
at org.testng.SuiteRunnerWorker.runSuite(SuiteRunnerWorker.java:53)
at org.testng.SuiteRunnerWorker.run(SuiteRunnerWorker.java:96)
at org.testng.TestNG.runSuitesSequentially(TestNG.java:1212)
at org.testng.TestNG.runSuitesLocally(TestNG.java:1134)
at org.testng.TestNG.runSuites(TestNG.java:1063)
at org.testng.TestNG.run(TestNG.java:1031)
at org.testng.remote.AbstractRemoteTestNG.run(AbstractRemoteTestNG.java:115)
at org.testng.remote.RemoteTestNG.initAndRun(RemoteTestNG.java:251)
at org.testng.remote.RemoteTestNG.main(RemoteTestNG.java:77)
]]>
            </full-stacktrace>
          </exception> <!-- java.lang.AssertionError -->
          <reporter-output>
          </reporter-output>
        </test-method> <!-- checkExistSoKhungTest -->
        <test-method signature="checkExistSoKhungTest(java.lang.String,java.lang.String,java.lang.String)[pri:0, instance:com.ttt.TEST.TestPhieuNhap@3c9754d8]" started-at="2023-12-07T14:01:28 ICT" name="checkExistSoKhungTest" data-provider="dataCheckSK" finished-at="2023-12-07T14:01:28 ICT" duration-ms="42" status="FAIL">
          <exception class="org.testng.internal.reflect.MethodMatcherException">
            <message>
              <![CDATA[
[public void com.ttt.TEST.TestPhieuNhap.checkExistSoKhungTest(java.lang.String,java.lang.String,java.lang.String)] has no parameters defined but was found to be using a data provider (either explicitly specified or inherited from class level annotation).
Data provider mismatch
Method: checkExistSoKhungTest([Parameter{index=0, type=java.lang.String, declaredAnnotations=[]}, Parameter{index=1, type=java.lang.String, declaredAnnotations=[]}, Parameter{index=2, type=java.lang.String, declaredAnnotations=[]}])
Arguments: [(java.lang.String) SK 3377,(java.lang.String) PX2023072800004,(java.lang.Boolean) false]]]>
            </message>
            <full-stacktrace>
              <![CDATA[org.testng.internal.reflect.MethodMatcherException: 
[public void com.ttt.TEST.TestPhieuNhap.checkExistSoKhungTest(java.lang.String,java.lang.String,java.lang.String)] has no parameters defined but was found to be using a data provider (either explicitly specified or inherited from class level annotation).
Data provider mismatch
Method: checkExistSoKhungTest([Parameter{index=0, type=java.lang.String, declaredAnnotations=[]}, Parameter{index=1, type=java.lang.String, declaredAnnotations=[]}, Parameter{index=2, type=java.lang.String, declaredAnnotations=[]}])
Arguments: [(java.lang.String) SK 3377,(java.lang.String) PX2023072800004,(java.lang.Boolean) false]
at org.testng.internal.reflect.DataProviderMethodMatcher.getConformingArguments(DataProviderMethodMatcher.java:43)
at org.testng.internal.Parameters.injectParameters(Parameters.java:914)
at org.testng.internal.MethodRunner.runInSequence(MethodRunner.java:34)
at org.testng.internal.TestInvoker$MethodInvocationAgent.invoke(TestInvoker.java:824)
at org.testng.internal.TestInvoker.invokeTestMethods(TestInvoker.java:146)
at org.testng.internal.TestMethodWorker.invokeTestMethods(TestMethodWorker.java:146)
at org.testng.internal.TestMethodWorker.run(TestMethodWorker.java:128)
at java.base/java.util.ArrayList.forEach(ArrayList.java:1511)
at org.testng.TestRunner.privateRun(TestRunner.java:794)
at org.testng.TestRunner.run(TestRunner.java:596)
at org.testng.SuiteRunner.runTest(SuiteRunner.java:377)
at org.testng.SuiteRunner.runSequentially(SuiteRunner.java:371)
at org.testng.SuiteRunner.privateRun(SuiteRunner.java:332)
at org.testng.SuiteRunner.run(SuiteRunner.java:276)
at org.testng.SuiteRunnerWorker.runSuite(SuiteRunnerWorker.java:53)
at org.testng.SuiteRunnerWorker.run(SuiteRunnerWorker.java:96)
at org.testng.TestNG.runSuitesSequentially(TestNG.java:1212)
at org.testng.TestNG.runSuitesLocally(TestNG.java:1134)
at org.testng.TestNG.runSuites(TestNG.java:1063)
at org.testng.TestNG.run(TestNG.java:1031)
at org.testng.remote.AbstractRemoteTestNG.run(AbstractRemoteTestNG.java:115)
at org.testng.remote.RemoteTestNG.initAndRun(RemoteTestNG.java:251)
at org.testng.remote.RemoteTestNG.main(RemoteTestNG.java:77)
]]>
            </full-stacktrace>
          </exception> <!-- org.testng.internal.reflect.MethodMatcherException -->
          <reporter-output>
          </reporter-output>
        </test-method> <!-- checkExistSoKhungTest -->
        <test-method signature="checkNullTest(java.lang.String,java.lang.String,java.lang.String,java.lang.String)[pri:0, instance:com.ttt.TEST.TestPhieuNhap@3c9754d8]" started-at="2023-12-07T14:01:28 ICT" name="checkNullTest" data-provider="checkNullDataProvider" finished-at="2023-12-07T14:01:28 ICT" duration-ms="1" status="PASS">
          <params>
            <param index="0">
              <value>
                <![CDATA[SK123456789123456]]>
              </value>
            </param>
            <param index="1">
              <value>
                <![CDATA[SM456]]>
              </value>
            </param>
            <param index="2">
              <value>
                <![CDATA[-1000]]>
              </value>
            </param>
            <param index="3">
              <value>
                <![CDATA[Không được nhập âm giá]]>
              </value>
            </param>
          </params>
          <reporter-output>
          </reporter-output>
        </test-method> <!-- checkNullTest -->
        <test-method signature="checkNullTest(java.lang.String,java.lang.String,java.lang.String,java.lang.String)[pri:0, instance:com.ttt.TEST.TestPhieuNhap@3c9754d8]" started-at="2023-12-07T14:01:28 ICT" name="checkNullTest" data-provider="checkNullDataProvider" finished-at="2023-12-07T14:01:28 ICT" duration-ms="0" status="PASS">
          <params>
            <param index="0">
              <value>
                <![CDATA[SK123456789123456]]>
              </value>
            </param>
            <param index="1">
              <value>
                <![CDATA[SM456]]>
              </value>
            </param>
            <param index="2">
              <value>
                <![CDATA[1000]]>
              </value>
            </param>
            <param index="3">
              <value>
                <![CDATA[]]>
              </value>
            </param>
          </params>
          <reporter-output>
          </reporter-output>
        </test-method> <!-- checkNullTest -->
        <test-method signature="checkNullTest(java.lang.String,java.lang.String,java.lang.String,java.lang.String)[pri:0, instance:com.ttt.TEST.TestPhieuNhap@3c9754d8]" started-at="2023-12-07T14:01:28 ICT" name="checkNullTest" data-provider="checkNullDataProvider" finished-at="2023-12-07T14:01:28 ICT" duration-ms="1" status="PASS">
          <params>
            <param index="0">
              <value>
                <![CDATA[]]>
              </value>
            </param>
            <param index="1">
              <value>
                <![CDATA[SM456]]>
              </value>
            </param>
            <param index="2">
              <value>
                <![CDATA[1000]]>
              </value>
            </param>
            <param index="3">
              <value>
                <![CDATA[Vui lòng nhập số khung]]>
              </value>
            </param>
          </params>
          <reporter-output>
          </reporter-output>
        </test-method> <!-- checkNullTest -->
        <test-method signature="checkNullTest(java.lang.String,java.lang.String,java.lang.String,java.lang.String)[pri:0, instance:com.ttt.TEST.TestPhieuNhap@3c9754d8]" started-at="2023-12-07T14:01:28 ICT" name="checkNullTest" data-provider="checkNullDataProvider" finished-at="2023-12-07T14:01:28 ICT" duration-ms="0" status="PASS">
          <params>
            <param index="0">
              <value>
                <![CDATA[SK123456789123456]]>
              </value>
            </param>
            <param index="1">
              <value>
                <![CDATA[]]>
              </value>
            </param>
            <param index="2">
              <value>
                <![CDATA[1000]]>
              </value>
            </param>
            <param index="3">
              <value>
                <![CDATA[Vui lòng nhập số máy]]>
              </value>
            </param>
          </params>
          <reporter-output>
          </reporter-output>
        </test-method> <!-- checkNullTest -->
        <test-method signature="checkNullTest(java.lang.String,java.lang.String,java.lang.String,java.lang.String)[pri:0, instance:com.ttt.TEST.TestPhieuNhap@3c9754d8]" started-at="2023-12-07T14:01:28 ICT" name="checkNullTest" data-provider="checkNullDataProvider" finished-at="2023-12-07T14:01:28 ICT" duration-ms="0" status="PASS">
          <params>
            <param index="0">
              <value>
                <![CDATA[SK123456789123456]]>
              </value>
            </param>
            <param index="1">
              <value>
                <![CDATA[SM456]]>
              </value>
            </param>
            <param index="2">
              <value>
                <![CDATA[]]>
              </value>
            </param>
            <param index="3">
              <value>
                <![CDATA[Giá nhập sai kiểu dữ liệu]]>
              </value>
            </param>
          </params>
          <reporter-output>
          </reporter-output>
        </test-method> <!-- checkNullTest -->
        <test-method signature="checkNullTest(java.lang.String,java.lang.String,java.lang.String,java.lang.String)[pri:0, instance:com.ttt.TEST.TestPhieuNhap@3c9754d8]" started-at="2023-12-07T14:01:28 ICT" name="checkNullTest" data-provider="checkNullDataProvider" finished-at="2023-12-07T14:01:28 ICT" duration-ms="0" status="PASS">
          <params>
            <param index="0">
              <value>
                <![CDATA[]]>
              </value>
            </param>
            <param index="1">
              <value>
                <![CDATA[]]>
              </value>
            </param>
            <param index="2">
              <value>
                <![CDATA[]]>
              </value>
            </param>
            <param index="3">
              <value>
                <![CDATA[Vui lòng nhập dữ liệu]]>
              </value>
            </param>
          </params>
          <reporter-output>
          </reporter-output>
        </test-method> <!-- checkNullTest -->
        <test-method signature="checkNullTest(java.lang.String,java.lang.String,java.lang.String,java.lang.String)[pri:0, instance:com.ttt.TEST.TestPhieuNhap@3c9754d8]" started-at="2023-12-07T14:01:28 ICT" name="checkNullTest" data-provider="checkNullDataProvider" finished-at="2023-12-07T14:01:28 ICT" duration-ms="1" status="PASS">
          <params>
            <param index="0">
              <value>
                <![CDATA[SK123456789123456]]>
              </value>
            </param>
            <param index="1">
              <value>
                <![CDATA[SM456]]>
              </value>
            </param>
            <param index="2">
              <value>
                <![CDATA[abc]]>
              </value>
            </param>
            <param index="3">
              <value>
                <![CDATA[Giá nhập sai kiểu dữ liệu]]>
              </value>
            </param>
          </params>
          <reporter-output>
          </reporter-output>
        </test-method> <!-- checkNullTest -->
        <test-method signature="checkNullTest(java.lang.String,java.lang.String,java.lang.String,java.lang.String)[pri:0, instance:com.ttt.TEST.TestPhieuNhap@3c9754d8]" started-at="2023-12-07T14:01:28 ICT" name="checkNullTest" data-provider="checkNullDataProvider" finished-at="2023-12-07T14:01:28 ICT" duration-ms="1" status="FAIL">
          <params>
            <param index="0">
              <value>
                <![CDATA[SK123]]>
              </value>
            </param>
            <param index="1">
              <value>
                <![CDATA[SM456]]>
              </value>
            </param>
            <param index="2">
              <value>
                <![CDATA[1000]]>
              </value>
            </param>
            <param index="3">
              <value>
                <![CDATA[Số khung phải có 17 ký tự]]>
              </value>
            </param>
          </params>
          <exception class="java.lang.AssertionError">
            <message>
              <![CDATA[expected [Số khung phải có 17 ký tự] but found []]]>
            </message>
            <full-stacktrace>
              <![CDATA[java.lang.AssertionError: expected [Số khung phải có 17 ký tự] but found []
at org.testng.Assert.fail(Assert.java:99)
at org.testng.Assert.failNotEquals(Assert.java:1037)
at org.testng.Assert.assertEqualsImpl(Assert.java:140)
at org.testng.Assert.assertEquals(Assert.java:122)
at org.testng.Assert.assertEquals(Assert.java:629)
at org.testng.Assert.assertEquals(Assert.java:639)
at com.ttt.TEST.TestPhieuNhap.checkNullTest(TestPhieuNhap.java:78)
at java.base/jdk.internal.reflect.DirectMethodHandleAccessor.invoke(DirectMethodHandleAccessor.java:104)
at java.base/java.lang.reflect.Method.invoke(Method.java:577)
at org.testng.internal.MethodInvocationHelper.invokeMethod(MethodInvocationHelper.java:133)
at org.testng.internal.TestInvoker.invokeMethod(TestInvoker.java:598)
at org.testng.internal.TestInvoker.invokeTestMethod(TestInvoker.java:173)
at org.testng.internal.MethodRunner.runInSequence(MethodRunner.java:46)
at org.testng.internal.TestInvoker$MethodInvocationAgent.invoke(TestInvoker.java:824)
at org.testng.internal.TestInvoker.invokeTestMethods(TestInvoker.java:146)
at org.testng.internal.TestMethodWorker.invokeTestMethods(TestMethodWorker.java:146)
at org.testng.internal.TestMethodWorker.run(TestMethodWorker.java:128)
at java.base/java.util.ArrayList.forEach(ArrayList.java:1511)
at org.testng.TestRunner.privateRun(TestRunner.java:794)
at org.testng.TestRunner.run(TestRunner.java:596)
at org.testng.SuiteRunner.runTest(SuiteRunner.java:377)
at org.testng.SuiteRunner.runSequentially(SuiteRunner.java:371)
at org.testng.SuiteRunner.privateRun(SuiteRunner.java:332)
at org.testng.SuiteRunner.run(SuiteRunner.java:276)
at org.testng.SuiteRunnerWorker.runSuite(SuiteRunnerWorker.java:53)
at org.testng.SuiteRunnerWorker.run(SuiteRunnerWorker.java:96)
at org.testng.TestNG.runSuitesSequentially(TestNG.java:1212)
at org.testng.TestNG.runSuitesLocally(TestNG.java:1134)
at org.testng.TestNG.runSuites(TestNG.java:1063)
at org.testng.TestNG.run(TestNG.java:1031)
at org.testng.remote.AbstractRemoteTestNG.run(AbstractRemoteTestNG.java:115)
at org.testng.remote.RemoteTestNG.initAndRun(RemoteTestNG.java:251)
at org.testng.remote.RemoteTestNG.main(RemoteTestNG.java:77)
]]>
            </full-stacktrace>
          </exception> <!-- java.lang.AssertionError -->
          <reporter-output>
          </reporter-output>
        </test-method> <!-- checkNullTest -->
        <test-method signature="checkNullTest(java.lang.String,java.lang.String,java.lang.String,java.lang.String)[pri:0, instance:com.ttt.TEST.TestPhieuNhap@3c9754d8]" started-at="2023-12-07T14:01:28 ICT" name="checkNullTest" data-provider="checkNullDataProvider" finished-at="2023-12-07T14:01:28 ICT" duration-ms="1" status="FAIL">
          <params>
            <param index="0">
              <value>
                <![CDATA[SK123456789123456SK]]>
              </value>
            </param>
            <param index="1">
              <value>
                <![CDATA[SM456]]>
              </value>
            </param>
            <param index="2">
              <value>
                <![CDATA[1000]]>
              </value>
            </param>
            <param index="3">
              <value>
                <![CDATA[Số khung phải có 17 ký tự]]>
              </value>
            </param>
          </params>
          <exception class="java.lang.AssertionError">
            <message>
              <![CDATA[expected [Số khung phải có 17 ký tự] but found []]]>
            </message>
            <full-stacktrace>
              <![CDATA[java.lang.AssertionError: expected [Số khung phải có 17 ký tự] but found []
at org.testng.Assert.fail(Assert.java:99)
at org.testng.Assert.failNotEquals(Assert.java:1037)
at org.testng.Assert.assertEqualsImpl(Assert.java:140)
at org.testng.Assert.assertEquals(Assert.java:122)
at org.testng.Assert.assertEquals(Assert.java:629)
at org.testng.Assert.assertEquals(Assert.java:639)
at com.ttt.TEST.TestPhieuNhap.checkNullTest(TestPhieuNhap.java:78)
at java.base/jdk.internal.reflect.DirectMethodHandleAccessor.invoke(DirectMethodHandleAccessor.java:104)
at java.base/java.lang.reflect.Method.invoke(Method.java:577)
at org.testng.internal.MethodInvocationHelper.invokeMethod(MethodInvocationHelper.java:133)
at org.testng.internal.TestInvoker.invokeMethod(TestInvoker.java:598)
at org.testng.internal.TestInvoker.invokeTestMethod(TestInvoker.java:173)
at org.testng.internal.MethodRunner.runInSequence(MethodRunner.java:46)
at org.testng.internal.TestInvoker$MethodInvocationAgent.invoke(TestInvoker.java:824)
at org.testng.internal.TestInvoker.invokeTestMethods(TestInvoker.java:146)
at org.testng.internal.TestMethodWorker.invokeTestMethods(TestMethodWorker.java:146)
at org.testng.internal.TestMethodWorker.run(TestMethodWorker.java:128)
at java.base/java.util.ArrayList.forEach(ArrayList.java:1511)
at org.testng.TestRunner.privateRun(TestRunner.java:794)
at org.testng.TestRunner.run(TestRunner.java:596)
at org.testng.SuiteRunner.runTest(SuiteRunner.java:377)
at org.testng.SuiteRunner.runSequentially(SuiteRunner.java:371)
at org.testng.SuiteRunner.privateRun(SuiteRunner.java:332)
at org.testng.SuiteRunner.run(SuiteRunner.java:276)
at org.testng.SuiteRunnerWorker.runSuite(SuiteRunnerWorker.java:53)
at org.testng.SuiteRunnerWorker.run(SuiteRunnerWorker.java:96)
at org.testng.TestNG.runSuitesSequentially(TestNG.java:1212)
at org.testng.TestNG.runSuitesLocally(TestNG.java:1134)
at org.testng.TestNG.runSuites(TestNG.java:1063)
at org.testng.TestNG.run(TestNG.java:1031)
at org.testng.remote.AbstractRemoteTestNG.run(AbstractRemoteTestNG.java:115)
at org.testng.remote.RemoteTestNG.initAndRun(RemoteTestNG.java:251)
at org.testng.remote.RemoteTestNG.main(RemoteTestNG.java:77)
]]>
            </full-stacktrace>
          </exception> <!-- java.lang.AssertionError -->
          <reporter-output>
          </reporter-output>
        </test-method> <!-- checkNullTest -->
        <test-method signature="getFormChiTietPhieuNhapSuaTest(java.lang.String,java.lang.String,java.util.Date,java.util.Date,java.lang.String,java.lang.String,java.lang.String,java.lang.String,java.lang.String,java.lang.String,int,boolean)[pri:0, instance:com.ttt.TEST.TestPhieuNhap@3c9754d8]" started-at="2023-12-07T14:01:28 ICT" name="getFormChiTietPhieuNhapSuaTest" data-provider="getFormChiTietPhieuNhapSua" finished-at="2023-12-07T14:01:28 ICT" duration-ms="17" status="FAIL">
          <params>
            <param index="0">
              <value>
                <![CDATA[PN2023081700007]]>
              </value>
            </param>
            <param index="1">
              <value>
                <![CDATA[NV2023073000009]]>
              </value>
            </param>
            <param index="2">
              <value>
                <![CDATA[Thu Dec 07 14:01:28 ICT 2023]]>
              </value>
            </param>
            <param index="3">
              <value>
                <![CDATA[Thu Dec 07 14:01:28 ICT 2023]]>
              </value>
            </param>
            <param index="4">
              <value>
                <![CDATA[NV2023072100007]]>
              </value>
            </param>
            <param index="5">
              <value>
                <![CDATA[VT04]]>
              </value>
            </param>
            <param index="6">
              <value>
                <![CDATA[FCJLTC]]>
              </value>
            </param>
            <param index="7">
              <value>
                <![CDATA[SK 12345678]]>
              </value>
            </param>
            <param index="8">
              <value>
                <![CDATA[SM987654]]>
              </value>
            </param>
            <param index="9">
              <value>
                <![CDATA[900]]>
              </value>
            </param>
            <param index="10">
              <value>
                <![CDATA[15]]>
              </value>
            </param>
            <param index="11">
              <value>
                <![CDATA[true]]>
              </value>
            </param>
          </params>
          <exception class="java.lang.AssertionError">
            <message>
              <![CDATA[expected [true] but found [false]]]>
            </message>
            <full-stacktrace>
              <![CDATA[java.lang.AssertionError: expected [true] but found [false]
at org.testng.Assert.fail(Assert.java:99)
at org.testng.Assert.failNotEquals(Assert.java:1037)
at org.testng.Assert.assertEqualsImpl(Assert.java:140)
at org.testng.Assert.assertEquals(Assert.java:122)
at org.testng.Assert.assertEquals(Assert.java:819)
at org.testng.Assert.assertEquals(Assert.java:829)
at com.ttt.TEST.TestPhieuNhap.getFormChiTietPhieuNhapSuaTest(TestPhieuNhap.java:184)
at java.base/jdk.internal.reflect.DirectMethodHandleAccessor.invoke(DirectMethodHandleAccessor.java:104)
at java.base/java.lang.reflect.Method.invoke(Method.java:577)
at org.testng.internal.MethodInvocationHelper.invokeMethod(MethodInvocationHelper.java:133)
at org.testng.internal.TestInvoker.invokeMethod(TestInvoker.java:598)
at org.testng.internal.TestInvoker.invokeTestMethod(TestInvoker.java:173)
at org.testng.internal.MethodRunner.runInSequence(MethodRunner.java:46)
at org.testng.internal.TestInvoker$MethodInvocationAgent.invoke(TestInvoker.java:824)
at org.testng.internal.TestInvoker.invokeTestMethods(TestInvoker.java:146)
at org.testng.internal.TestMethodWorker.invokeTestMethods(TestMethodWorker.java:146)
at org.testng.internal.TestMethodWorker.run(TestMethodWorker.java:128)
at java.base/java.util.ArrayList.forEach(ArrayList.java:1511)
at org.testng.TestRunner.privateRun(TestRunner.java:794)
at org.testng.TestRunner.run(TestRunner.java:596)
at org.testng.SuiteRunner.runTest(SuiteRunner.java:377)
at org.testng.SuiteRunner.runSequentially(SuiteRunner.java:371)
at org.testng.SuiteRunner.privateRun(SuiteRunner.java:332)
at org.testng.SuiteRunner.run(SuiteRunner.java:276)
at org.testng.SuiteRunnerWorker.runSuite(SuiteRunnerWorker.java:53)
at org.testng.SuiteRunnerWorker.run(SuiteRunnerWorker.java:96)
at org.testng.TestNG.runSuitesSequentially(TestNG.java:1212)
at org.testng.TestNG.runSuitesLocally(TestNG.java:1134)
at org.testng.TestNG.runSuites(TestNG.java:1063)
at org.testng.TestNG.run(TestNG.java:1031)
at org.testng.remote.AbstractRemoteTestNG.run(AbstractRemoteTestNG.java:115)
at org.testng.remote.RemoteTestNG.initAndRun(RemoteTestNG.java:251)
at org.testng.remote.RemoteTestNG.main(RemoteTestNG.java:77)
]]>
            </full-stacktrace>
          </exception> <!-- java.lang.AssertionError -->
          <reporter-output>
          </reporter-output>
        </test-method> <!-- getFormChiTietPhieuNhapSuaTest -->
        <test-method signature="getFormChiTietPhieuNhapThemTest(java.lang.String,java.lang.String,java.util.Date,java.lang.String,java.lang.String,java.lang.String,java.lang.String,java.lang.String,boolean)[pri:0, instance:com.ttt.TEST.TestPhieuNhap@3c9754d8]" started-at="2023-12-07T14:01:28 ICT" name="getFormChiTietPhieuNhapThemTest" data-provider="getFormChiTietPhieuNhapThem" finished-at="2023-12-07T14:01:28 ICT" duration-ms="0" status="FAIL">
          <params>
            <param index="0">
              <value>
                <![CDATA[PN2023120500007]]>
              </value>
            </param>
            <param index="1">
              <value>
                <![CDATA[NV2023073000009]]>
              </value>
            </param>
            <param index="2">
              <value>
                <![CDATA[Thu Dec 07 14:01:28 ICT 2023]]>
              </value>
            </param>
            <param index="3">
              <value>
                <![CDATA[VT04]]>
              </value>
            </param>
            <param index="4">
              <value>
                <![CDATA[XZU730LMB]]>
              </value>
            </param>
            <param index="5">
              <value>
                <![CDATA[SK 12345678]]>
              </value>
            </param>
            <param index="6">
              <value>
                <![CDATA[SM987654]]>
              </value>
            </param>
            <param index="7">
              <value>
                <![CDATA[900]]>
              </value>
            </param>
            <param index="8">
              <value>
                <![CDATA[true]]>
              </value>
            </param>
          </params>
          <exception class="java.lang.AssertionError">
            <message>
              <![CDATA[expected [true] but found [false]]]>
            </message>
            <full-stacktrace>
              <![CDATA[java.lang.AssertionError: expected [true] but found [false]
at org.testng.Assert.fail(Assert.java:99)
at org.testng.Assert.failNotEquals(Assert.java:1037)
at org.testng.Assert.assertEqualsImpl(Assert.java:140)
at org.testng.Assert.assertEquals(Assert.java:122)
at org.testng.Assert.assertEquals(Assert.java:819)
at org.testng.Assert.assertEquals(Assert.java:829)
at com.ttt.TEST.TestPhieuNhap.getFormChiTietPhieuNhapThemTest(TestPhieuNhap.java:132)
at java.base/jdk.internal.reflect.DirectMethodHandleAccessor.invoke(DirectMethodHandleAccessor.java:104)
at java.base/java.lang.reflect.Method.invoke(Method.java:577)
at org.testng.internal.MethodInvocationHelper.invokeMethod(MethodInvocationHelper.java:133)
at org.testng.internal.TestInvoker.invokeMethod(TestInvoker.java:598)
at org.testng.internal.TestInvoker.invokeTestMethod(TestInvoker.java:173)
at org.testng.internal.MethodRunner.runInSequence(MethodRunner.java:46)
at org.testng.internal.TestInvoker$MethodInvocationAgent.invoke(TestInvoker.java:824)
at org.testng.internal.TestInvoker.invokeTestMethods(TestInvoker.java:146)
at org.testng.internal.TestMethodWorker.invokeTestMethods(TestMethodWorker.java:146)
at org.testng.internal.TestMethodWorker.run(TestMethodWorker.java:128)
at java.base/java.util.ArrayList.forEach(ArrayList.java:1511)
at org.testng.TestRunner.privateRun(TestRunner.java:794)
at org.testng.TestRunner.run(TestRunner.java:596)
at org.testng.SuiteRunner.runTest(SuiteRunner.java:377)
at org.testng.SuiteRunner.runSequentially(SuiteRunner.java:371)
at org.testng.SuiteRunner.privateRun(SuiteRunner.java:332)
at org.testng.SuiteRunner.run(SuiteRunner.java:276)
at org.testng.SuiteRunnerWorker.runSuite(SuiteRunnerWorker.java:53)
at org.testng.SuiteRunnerWorker.run(SuiteRunnerWorker.java:96)
at org.testng.TestNG.runSuitesSequentially(TestNG.java:1212)
at org.testng.TestNG.runSuitesLocally(TestNG.java:1134)
at org.testng.TestNG.runSuites(TestNG.java:1063)
at org.testng.TestNG.run(TestNG.java:1031)
at org.testng.remote.AbstractRemoteTestNG.run(AbstractRemoteTestNG.java:115)
at org.testng.remote.RemoteTestNG.initAndRun(RemoteTestNG.java:251)
at org.testng.remote.RemoteTestNG.main(RemoteTestNG.java:77)
]]>
            </full-stacktrace>
          </exception> <!-- java.lang.AssertionError -->
          <reporter-output>
          </reporter-output>
        </test-method> <!-- getFormChiTietPhieuNhapThemTest -->
        <test-method signature="getFormPNTest(java.lang.Boolean,java.lang.String,java.lang.String,java.lang.String,java.lang.String,java.lang.String)[pri:0, instance:com.ttt.TEST.TestPhieuNhap@3c9754d8]" started-at="2023-12-07T14:01:28 ICT" name="getFormPNTest" data-provider="dataGeFormPN" finished-at="2023-12-07T14:01:28 ICT" duration-ms="0" status="PASS">
          <params>
            <param index="0">
              <value>
                <![CDATA[false]]>
              </value>
            </param>
            <param index="1">
              <value>
                <![CDATA[them]]>
              </value>
            </param>
            <param index="2">
              <value>
                <![CDATA[PN2023081700008]]>
              </value>
            </param>
            <param index="3">
              <value>
                <![CDATA[NV2023073000009]]>
              </value>
            </param>
            <param index="4">
              <value>
                <![CDATA[Test case checkNull false]]>
              </value>
            </param>
            <param index="5">
              <value>
                <![CDATA[]]>
              </value>
            </param>
          </params>
          <reporter-output>
          </reporter-output>
        </test-method> <!-- getFormPNTest -->
        <test-method signature="getFormPNTest(java.lang.Boolean,java.lang.String,java.lang.String,java.lang.String,java.lang.String,java.lang.String)[pri:0, instance:com.ttt.TEST.TestPhieuNhap@3c9754d8]" started-at="2023-12-07T14:01:28 ICT" name="getFormPNTest" data-provider="dataGeFormPN" finished-at="2023-12-07T14:01:28 ICT" duration-ms="0" status="PASS">
          <params>
            <param index="0">
              <value>
                <![CDATA[false]]>
              </value>
            </param>
            <param index="1">
              <value>
                <![CDATA[sua]]>
              </value>
            </param>
            <param index="2">
              <value>
                <![CDATA[PN2023072100005]]>
              </value>
            </param>
            <param index="3">
              <value>
                <![CDATA[NV2023073000009]]>
              </value>
            </param>
            <param index="4">
              <value>
                <![CDATA[Test case checkNull false]]>
              </value>
            </param>
            <param index="5">
              <value>
                <![CDATA[]]>
              </value>
            </param>
          </params>
          <reporter-output>
          </reporter-output>
        </test-method> <!-- getFormPNTest -->
        <test-method signature="getFormPNTest(java.lang.Boolean,java.lang.String,java.lang.String,java.lang.String,java.lang.String,java.lang.String)[pri:0, instance:com.ttt.TEST.TestPhieuNhap@3c9754d8]" started-at="2023-12-07T14:01:28 ICT" name="getFormPNTest" data-provider="dataGeFormPN" finished-at="2023-12-07T14:01:28 ICT" duration-ms="19" status="PASS">
          <params>
            <param index="0">
              <value>
                <![CDATA[true]]>
              </value>
            </param>
            <param index="1">
              <value>
                <![CDATA[sua]]>
              </value>
            </param>
            <param index="2">
              <value>
                <![CDATA[PN2023072100005]]>
              </value>
            </param>
            <param index="3">
              <value>
                <![CDATA[NV2023073000009]]>
              </value>
            </param>
            <param index="4">
              <value>
                <![CDATA[Test case checkNull true]]>
              </value>
            </param>
            <param index="5">
              <value>
                <![CDATA[getFormPN Successfully]]>
              </value>
            </param>
          </params>
          <reporter-output>
          </reporter-output>
        </test-method> <!-- getFormPNTest -->
        <test-method signature="getFormPNTest(java.lang.Boolean,java.lang.String,java.lang.String,java.lang.String,java.lang.String,java.lang.String)[pri:0, instance:com.ttt.TEST.TestPhieuNhap@3c9754d8]" started-at="2023-12-07T14:01:28 ICT" name="getFormPNTest" data-provider="dataGeFormPN" finished-at="2023-12-07T14:01:28 ICT" duration-ms="0" status="PASS">
          <params>
            <param index="0">
              <value>
                <![CDATA[true]]>
              </value>
            </param>
            <param index="1">
              <value>
                <![CDATA[them]]>
              </value>
            </param>
            <param index="2">
              <value>
                <![CDATA[PN2023081700008]]>
              </value>
            </param>
            <param index="3">
              <value>
                <![CDATA[NV2023073000009]]>
              </value>
            </param>
            <param index="4">
              <value>
                <![CDATA[Test case checkNull true]]>
              </value>
            </param>
            <param index="5">
              <value>
                <![CDATA[getFormPN Successfully]]>
              </value>
            </param>
          </params>
          <reporter-output>
          </reporter-output>
        </test-method> <!-- getFormPNTest -->
        <test-method signature="isExist_PhieuNhapTest(java.lang.String,boolean)[pri:0, instance:com.ttt.TEST.TestPhieuNhap@3c9754d8]" started-at="2023-12-07T14:01:28 ICT" name="isExist_PhieuNhapTest" data-provider="dataIsExist_PhieuNhap" finished-at="2023-12-07T14:01:29 ICT" duration-ms="25" status="PASS">
          <params>
            <param index="0">
              <value>
                <![CDATA[PN2023072700006]]>
              </value>
            </param>
            <param index="1">
              <value>
                <![CDATA[true]]>
              </value>
            </param>
          </params>
          <reporter-output>
          </reporter-output>
        </test-method> <!-- isExist_PhieuNhapTest -->
        <test-method signature="isExist_PhieuNhapTest(java.lang.String,boolean)[pri:0, instance:com.ttt.TEST.TestPhieuNhap@3c9754d8]" started-at="2023-12-07T14:01:29 ICT" name="isExist_PhieuNhapTest" data-provider="dataIsExist_PhieuNhap" finished-at="2023-12-07T14:01:29 ICT" duration-ms="38" status="PASS">
          <params>
            <param index="0">
              <value>
                <![CDATA[PN2023072100003]]>
              </value>
            </param>
            <param index="1">
              <value>
                <![CDATA[true]]>
              </value>
            </param>
          </params>
          <reporter-output>
          </reporter-output>
        </test-method> <!-- isExist_PhieuNhapTest -->
        <test-method signature="isExist_PhieuNhapTest(java.lang.String,boolean)[pri:0, instance:com.ttt.TEST.TestPhieuNhap@3c9754d8]" started-at="2023-12-07T14:01:29 ICT" name="isExist_PhieuNhapTest" data-provider="dataIsExist_PhieuNhap" finished-at="2023-12-07T14:01:29 ICT" duration-ms="30" status="PASS">
          <params>
            <param index="0">
              <value>
                <![CDATA[PN2023120500003]]>
              </value>
            </param>
            <param index="1">
              <value>
                <![CDATA[false]]>
              </value>
            </param>
          </params>
          <reporter-output>
          </reporter-output>
        </test-method> <!-- isExist_PhieuNhapTest -->
        <test-method signature="isExist_PhieuNhapTest(java.lang.String,boolean)[pri:0, instance:com.ttt.TEST.TestPhieuNhap@3c9754d8]" started-at="2023-12-07T14:01:29 ICT" name="isExist_PhieuNhapTest" data-provider="dataIsExist_PhieuNhap" finished-at="2023-12-07T14:01:29 ICT" duration-ms="25" status="PASS">
          <params>
            <param index="0">
              <value>
                <![CDATA[PN2023120500006]]>
              </value>
            </param>
            <param index="1">
              <value>
                <![CDATA[false]]>
              </value>
            </param>
          </params>
          <reporter-output>
          </reporter-output>
        </test-method> <!-- isExist_PhieuNhapTest -->
        <test-method signature="suaPhieuNhapTest(java.lang.String,java.lang.String,java.util.Date,java.util.Date,java.lang.String,java.lang.String,int,java.lang.String,java.lang.String,java.lang.String,java.lang.String,java.lang.String,java.lang.String,java.lang.String,int,int,int,int,int,java.lang.String,java.util.Date,java.lang.String,java.util.Date,boolean,java.lang.String)[pri:0, instance:com.ttt.TEST.TestPhieuNhap@3c9754d8]" started-at="2023-12-07T14:01:29 ICT" name="suaPhieuNhapTest" data-provider="dataSuaPhieuNhap" finished-at="2023-12-07T14:01:29 ICT" duration-ms="1" status="PASS">
          <params>
            <param index="0">
              <value>
                <![CDATA[PN2023120500007]]>
              </value>
            </param>
            <param index="1">
              <value>
                <![CDATA[NV2023073000009]]>
              </value>
            </param>
            <param index="2">
              <value>
                <![CDATA[Thu Dec 07 14:01:29 ICT 2023]]>
              </value>
            </param>
            <param index="3">
              <value>
                <![CDATA[Thu Dec 07 14:01:29 ICT 2023]]>
              </value>
            </param>
            <param index="4">
              <value>
                <![CDATA[NV2023081700016]]>
              </value>
            </param>
            <param index="5">
              <value>
                <![CDATA[sua PN]]>
              </value>
            </param>
            <param index="6">
              <value>
                <![CDATA[14]]>
              </value>
            </param>
            <param index="7">
              <value is-null="true"/>
            </param>
            <param index="8">
              <value is-null="true"/>
            </param>
            <param index="9">
              <value is-null="true"/>
            </param>
            <param index="10">
              <value>
                <![CDATA[VT03]]>
              </value>
            </param>
            <param index="11">
              <value>
                <![CDATA[FCJLTC]]>
              </value>
            </param>
            <param index="12">
              <value>
                <![CDATA[SK3399]]>
              </value>
            </param>
            <param index="13">
              <value>
                <![CDATA[SM6771]]>
              </value>
            </param>
            <param index="14">
              <value>
                <![CDATA[1]]>
              </value>
            </param>
            <param index="15">
              <value>
                <![CDATA[700]]>
              </value>
            </param>
            <param index="16">
              <value>
                <![CDATA[0]]>
              </value>
            </param>
            <param index="17">
              <value>
                <![CDATA[0]]>
              </value>
            </param>
            <param index="18">
              <value>
                <![CDATA[0]]>
              </value>
            </param>
            <param index="19">
              <value is-null="true"/>
            </param>
            <param index="20">
              <value is-null="true"/>
            </param>
            <param index="21">
              <value is-null="true"/>
            </param>
            <param index="22">
              <value is-null="true"/>
            </param>
            <param index="23">
              <value>
                <![CDATA[false]]>
              </value>
            </param>
            <param index="24">
              <value>
                <![CDATA[]]>
              </value>
            </param>
          </params>
          <reporter-output>
          </reporter-output>
        </test-method> <!-- suaPhieuNhapTest -->
        <test-method signature="suaPhieuNhapTest(java.lang.String,java.lang.String,java.util.Date,java.util.Date,java.lang.String,java.lang.String,int,java.lang.String,java.lang.String,java.lang.String,java.lang.String,java.lang.String,java.lang.String,java.lang.String,int,int,int,int,int,java.lang.String,java.util.Date,java.lang.String,java.util.Date,boolean,java.lang.String)[pri:0, instance:com.ttt.TEST.TestPhieuNhap@3c9754d8]" started-at="2023-12-07T14:01:29 ICT" name="suaPhieuNhapTest" data-provider="dataSuaPhieuNhap" finished-at="2023-12-07T14:01:29 ICT" duration-ms="65" status="PASS">
          <params>
            <param index="0">
              <value>
                <![CDATA[PN2023120500007]]>
              </value>
            </param>
            <param index="1">
              <value>
                <![CDATA[NV2023073000009]]>
              </value>
            </param>
            <param index="2">
              <value>
                <![CDATA[Thu Dec 07 14:01:29 ICT 2023]]>
              </value>
            </param>
            <param index="3">
              <value>
                <![CDATA[Thu Dec 07 14:01:29 ICT 2023]]>
              </value>
            </param>
            <param index="4">
              <value>
                <![CDATA[NV2023081700016]]>
              </value>
            </param>
            <param index="5">
              <value>
                <![CDATA[sua PN]]>
              </value>
            </param>
            <param index="6">
              <value>
                <![CDATA[14]]>
              </value>
            </param>
            <param index="7">
              <value is-null="true"/>
            </param>
            <param index="8">
              <value is-null="true"/>
            </param>
            <param index="9">
              <value is-null="true"/>
            </param>
            <param index="10">
              <value>
                <![CDATA[VT03]]>
              </value>
            </param>
            <param index="11">
              <value>
                <![CDATA[FCJLTC]]>
              </value>
            </param>
            <param index="12">
              <value>
                <![CDATA[SK3949]]>
              </value>
            </param>
            <param index="13">
              <value>
                <![CDATA[SM7171]]>
              </value>
            </param>
            <param index="14">
              <value>
                <![CDATA[1]]>
              </value>
            </param>
            <param index="15">
              <value>
                <![CDATA[700]]>
              </value>
            </param>
            <param index="16">
              <value>
                <![CDATA[0]]>
              </value>
            </param>
            <param index="17">
              <value>
                <![CDATA[0]]>
              </value>
            </param>
            <param index="18">
              <value>
                <![CDATA[0]]>
              </value>
            </param>
            <param index="19">
              <value is-null="true"/>
            </param>
            <param index="20">
              <value is-null="true"/>
            </param>
            <param index="21">
              <value is-null="true"/>
            </param>
            <param index="22">
              <value is-null="true"/>
            </param>
            <param index="23">
              <value>
                <![CDATA[true]]>
              </value>
            </param>
            <param index="24">
              <value>
                <![CDATA[Sửa thành công]]>
              </value>
            </param>
          </params>
          <reporter-output>
          </reporter-output>
        </test-method> <!-- suaPhieuNhapTest -->
        <test-method signature="themPhieuNhapTest(java.lang.String,java.lang.String,java.util.Date,java.util.Date,java.lang.String,java.lang.String,int,java.lang.String,java.lang.String,java.lang.String,java.lang.String,java.lang.String,java.lang.String,java.lang.String,int,int,int,int,int,java.lang.String,java.util.Date,java.lang.String,java.util.Date,boolean,java.lang.String)[pri:0, instance:com.ttt.TEST.TestPhieuNhap@3c9754d8]" started-at="2023-12-07T14:01:29 ICT" name="themPhieuNhapTest" data-provider="datathemPhieuNhap" finished-at="2023-12-07T14:01:29 ICT" duration-ms="149" status="FAIL">
          <params>
            <param index="0">
              <value>
                <![CDATA[PN2023120500007]]>
              </value>
            </param>
            <param index="1">
              <value>
                <![CDATA[NV2023073000009]]>
              </value>
            </param>
            <param index="2">
              <value>
                <![CDATA[Thu Dec 07 14:01:29 ICT 2023]]>
              </value>
            </param>
            <param index="3">
              <value is-null="true"/>
            </param>
            <param index="4">
              <value is-null="true"/>
            </param>
            <param index="5">
              <value>
                <![CDATA[dienGiai]]>
              </value>
            </param>
            <param index="6">
              <value>
                <![CDATA[14]]>
              </value>
            </param>
            <param index="7">
              <value is-null="true"/>
            </param>
            <param index="8">
              <value is-null="true"/>
            </param>
            <param index="9">
              <value is-null="true"/>
            </param>
            <param index="10">
              <value>
                <![CDATA[VT03]]>
              </value>
            </param>
            <param index="11">
              <value>
                <![CDATA[FCJLTC]]>
              </value>
            </param>
            <param index="12">
              <value>
                <![CDATA[SK5051]]>
              </value>
            </param>
            <param index="13">
              <value>
                <![CDATA[SM7375]]>
              </value>
            </param>
            <param index="14">
              <value>
                <![CDATA[1]]>
              </value>
            </param>
            <param index="15">
              <value>
                <![CDATA[700]]>
              </value>
            </param>
            <param index="16">
              <value>
                <![CDATA[0]]>
              </value>
            </param>
            <param index="17">
              <value>
                <![CDATA[0]]>
              </value>
            </param>
            <param index="18">
              <value>
                <![CDATA[0]]>
              </value>
            </param>
            <param index="19">
              <value is-null="true"/>
            </param>
            <param index="20">
              <value is-null="true"/>
            </param>
            <param index="21">
              <value is-null="true"/>
            </param>
            <param index="22">
              <value is-null="true"/>
            </param>
            <param index="23">
              <value>
                <![CDATA[true]]>
              </value>
            </param>
            <param index="24">
              <value>
                <![CDATA[Thêm mới thành công]]>
              </value>
            </param>
          </params>
          <exception class="java.lang.AssertionError">
            <message>
              <![CDATA[expected [Thêm mới thành công] but found [Đã thêm xe vào phiếu nhập]]]>
            </message>
            <full-stacktrace>
              <![CDATA[java.lang.AssertionError: expected [Thêm mới thành công] but found [Đã thêm xe vào phiếu nhập]
at org.testng.Assert.fail(Assert.java:99)
at org.testng.Assert.failNotEquals(Assert.java:1037)
at org.testng.Assert.assertEqualsImpl(Assert.java:140)
at org.testng.Assert.assertEquals(Assert.java:122)
at org.testng.Assert.assertEquals(Assert.java:629)
at org.testng.Assert.assertEquals(Assert.java:639)
at com.ttt.TEST.TestPhieuNhap.themPhieuNhapTest(TestPhieuNhap.java:370)
at java.base/jdk.internal.reflect.DirectMethodHandleAccessor.invoke(DirectMethodHandleAccessor.java:104)
at java.base/java.lang.reflect.Method.invoke(Method.java:577)
at org.testng.internal.MethodInvocationHelper.invokeMethod(MethodInvocationHelper.java:133)
at org.testng.internal.TestInvoker.invokeMethod(TestInvoker.java:598)
at org.testng.internal.TestInvoker.invokeTestMethod(TestInvoker.java:173)
at org.testng.internal.MethodRunner.runInSequence(MethodRunner.java:46)
at org.testng.internal.TestInvoker$MethodInvocationAgent.invoke(TestInvoker.java:824)
at org.testng.internal.TestInvoker.invokeTestMethods(TestInvoker.java:146)
at org.testng.internal.TestMethodWorker.invokeTestMethods(TestMethodWorker.java:146)
at org.testng.internal.TestMethodWorker.run(TestMethodWorker.java:128)
at java.base/java.util.ArrayList.forEach(ArrayList.java:1511)
at org.testng.TestRunner.privateRun(TestRunner.java:794)
at org.testng.TestRunner.run(TestRunner.java:596)
at org.testng.SuiteRunner.runTest(SuiteRunner.java:377)
at org.testng.SuiteRunner.runSequentially(SuiteRunner.java:371)
at org.testng.SuiteRunner.privateRun(SuiteRunner.java:332)
at org.testng.SuiteRunner.run(SuiteRunner.java:276)
at org.testng.SuiteRunnerWorker.runSuite(SuiteRunnerWorker.java:53)
at org.testng.SuiteRunnerWorker.run(SuiteRunnerWorker.java:96)
at org.testng.TestNG.runSuitesSequentially(TestNG.java:1212)
at org.testng.TestNG.runSuitesLocally(TestNG.java:1134)
at org.testng.TestNG.runSuites(TestNG.java:1063)
at org.testng.TestNG.run(TestNG.java:1031)
at org.testng.remote.AbstractRemoteTestNG.run(AbstractRemoteTestNG.java:115)
at org.testng.remote.RemoteTestNG.initAndRun(RemoteTestNG.java:251)
at org.testng.remote.RemoteTestNG.main(RemoteTestNG.java:77)
]]>
            </full-stacktrace>
          </exception> <!-- java.lang.AssertionError -->
          <reporter-output>
          </reporter-output>
        </test-method> <!-- themPhieuNhapTest -->
        <test-method signature="themPhieuNhapTest(java.lang.String,java.lang.String,java.util.Date,java.util.Date,java.lang.String,java.lang.String,int,java.lang.String,java.lang.String,java.lang.String,java.lang.String,java.lang.String,java.lang.String,java.lang.String,int,int,int,int,int,java.lang.String,java.util.Date,java.lang.String,java.util.Date,boolean,java.lang.String)[pri:0, instance:com.ttt.TEST.TestPhieuNhap@3c9754d8]" started-at="2023-12-07T14:01:29 ICT" name="themPhieuNhapTest" data-provider="datathemPhieuNhap" finished-at="2023-12-07T14:01:29 ICT" duration-ms="165" status="PASS">
          <params>
            <param index="0">
              <value>
                <![CDATA[PN2023072100003]]>
              </value>
            </param>
            <param index="1">
              <value>
                <![CDATA[NV2023073000009]]>
              </value>
            </param>
            <param index="2">
              <value>
                <![CDATA[Thu Dec 07 14:01:29 ICT 2023]]>
              </value>
            </param>
            <param index="3">
              <value is-null="true"/>
            </param>
            <param index="4">
              <value is-null="true"/>
            </param>
            <param index="5">
              <value>
                <![CDATA[dienGiai]]>
              </value>
            </param>
            <param index="6">
              <value>
                <![CDATA[15]]>
              </value>
            </param>
            <param index="7">
              <value is-null="true"/>
            </param>
            <param index="8">
              <value is-null="true"/>
            </param>
            <param index="9">
              <value is-null="true"/>
            </param>
            <param index="10">
              <value>
                <![CDATA[VT03]]>
              </value>
            </param>
            <param index="11">
              <value>
                <![CDATA[FCJLTC]]>
              </value>
            </param>
            <param index="12">
              <value>
                <![CDATA[SK8054]]>
              </value>
            </param>
            <param index="13">
              <value>
                <![CDATA[SM7979]]>
              </value>
            </param>
            <param index="14">
              <value>
                <![CDATA[1]]>
              </value>
            </param>
            <param index="15">
              <value>
                <![CDATA[700]]>
              </value>
            </param>
            <param index="16">
              <value>
                <![CDATA[0]]>
              </value>
            </param>
            <param index="17">
              <value>
                <![CDATA[0]]>
              </value>
            </param>
            <param index="18">
              <value>
                <![CDATA[0]]>
              </value>
            </param>
            <param index="19">
              <value is-null="true"/>
            </param>
            <param index="20">
              <value is-null="true"/>
            </param>
            <param index="21">
              <value is-null="true"/>
            </param>
            <param index="22">
              <value is-null="true"/>
            </param>
            <param index="23">
              <value>
                <![CDATA[true]]>
              </value>
            </param>
            <param index="24">
              <value>
                <![CDATA[Đã thêm xe vào phiếu nhập]]>
              </value>
            </param>
          </params>
          <reporter-output>
          </reporter-output>
        </test-method> <!-- themPhieuNhapTest -->
        <test-method signature="themXeVaoPhieuNhapTest(boolean,java.lang.String,java.lang.String,java.lang.String)[pri:0, instance:com.ttt.TEST.TestPhieuNhap@3c9754d8]" started-at="2023-12-07T14:01:29 ICT" name="themXeVaoPhieuNhapTest" data-provider="dataChiTietPhieuNhap" finished-at="2023-12-07T14:01:29 ICT" duration-ms="43" status="PASS">
          <params>
            <param index="0">
              <value>
                <![CDATA[true]]>
              </value>
            </param>
            <param index="1">
              <value>
                <![CDATA[SK 7543]]>
              </value>
            </param>
            <param index="2">
              <value>
                <![CDATA[PN2023072100004]]>
              </value>
            </param>
            <param index="3">
              <value>
                <![CDATA[Đã tồn tại số khung]]>
              </value>
            </param>
          </params>
          <reporter-output>
          </reporter-output>
        </test-method> <!-- themXeVaoPhieuNhapTest -->
        <test-method signature="themXeVaoPhieuNhapTest(boolean,java.lang.String,java.lang.String,java.lang.String)[pri:0, instance:com.ttt.TEST.TestPhieuNhap@3c9754d8]" started-at="2023-12-07T14:01:29 ICT" name="themXeVaoPhieuNhapTest" data-provider="dataChiTietPhieuNhap" finished-at="2023-12-07T14:01:29 ICT" duration-ms="38" status="FAIL">
          <params>
            <param index="0">
              <value>
                <![CDATA[true]]>
              </value>
            </param>
            <param index="1">
              <value>
                <![CDATA[SK8054]]>
              </value>
            </param>
            <param index="2">
              <value>
                <![CDATA[PN2023072100004]]>
              </value>
            </param>
            <param index="3">
              <value>
                <![CDATA[Đã tồn tại số khung]]>
              </value>
            </param>
          </params>
          <exception class="java.lang.AssertionError">
            <message>
              <![CDATA[expected [Đã tồn tại số khung] but found [Đã thêm xe vào phiếu nhập]]]>
            </message>
            <full-stacktrace>
              <![CDATA[java.lang.AssertionError: expected [Đã tồn tại số khung] but found [Đã thêm xe vào phiếu nhập]
at org.testng.Assert.fail(Assert.java:99)
at org.testng.Assert.failNotEquals(Assert.java:1037)
at org.testng.Assert.assertEqualsImpl(Assert.java:140)
at org.testng.Assert.assertEquals(Assert.java:122)
at org.testng.Assert.assertEquals(Assert.java:629)
at org.testng.Assert.assertEquals(Assert.java:639)
at com.ttt.TEST.TestPhieuNhap.themXeVaoPhieuNhapTest(TestPhieuNhap.java:270)
at java.base/jdk.internal.reflect.DirectMethodHandleAccessor.invoke(DirectMethodHandleAccessor.java:104)
at java.base/java.lang.reflect.Method.invoke(Method.java:577)
at org.testng.internal.MethodInvocationHelper.invokeMethod(MethodInvocationHelper.java:133)
at org.testng.internal.TestInvoker.invokeMethod(TestInvoker.java:598)
at org.testng.internal.TestInvoker.invokeTestMethod(TestInvoker.java:173)
at org.testng.internal.MethodRunner.runInSequence(MethodRunner.java:46)
at org.testng.internal.TestInvoker$MethodInvocationAgent.invoke(TestInvoker.java:824)
at org.testng.internal.TestInvoker.invokeTestMethods(TestInvoker.java:146)
at org.testng.internal.TestMethodWorker.invokeTestMethods(TestMethodWorker.java:146)
at org.testng.internal.TestMethodWorker.run(TestMethodWorker.java:128)
at java.base/java.util.ArrayList.forEach(ArrayList.java:1511)
at org.testng.TestRunner.privateRun(TestRunner.java:794)
at org.testng.TestRunner.run(TestRunner.java:596)
at org.testng.SuiteRunner.runTest(SuiteRunner.java:377)
at org.testng.SuiteRunner.runSequentially(SuiteRunner.java:371)
at org.testng.SuiteRunner.privateRun(SuiteRunner.java:332)
at org.testng.SuiteRunner.run(SuiteRunner.java:276)
at org.testng.SuiteRunnerWorker.runSuite(SuiteRunnerWorker.java:53)
at org.testng.SuiteRunnerWorker.run(SuiteRunnerWorker.java:96)
at org.testng.TestNG.runSuitesSequentially(TestNG.java:1212)
at org.testng.TestNG.runSuitesLocally(TestNG.java:1134)
at org.testng.TestNG.runSuites(TestNG.java:1063)
at org.testng.TestNG.run(TestNG.java:1031)
at org.testng.remote.AbstractRemoteTestNG.run(AbstractRemoteTestNG.java:115)
at org.testng.remote.RemoteTestNG.initAndRun(RemoteTestNG.java:251)
at org.testng.remote.RemoteTestNG.main(RemoteTestNG.java:77)
]]>
            </full-stacktrace>
          </exception> <!-- java.lang.AssertionError -->
          <reporter-output>
          </reporter-output>
        </test-method> <!-- themXeVaoPhieuNhapTest -->
        <test-method signature="themXeVaoPhieuNhapTest(boolean,java.lang.String,java.lang.String,java.lang.String)[pri:0, instance:com.ttt.TEST.TestPhieuNhap@3c9754d8]" started-at="2023-12-07T14:01:29 ICT" name="themXeVaoPhieuNhapTest" data-provider="dataChiTietPhieuNhap" finished-at="2023-12-07T14:01:29 ICT" duration-ms="32" status="FAIL">
          <params>
            <param index="0">
              <value>
                <![CDATA[true]]>
              </value>
            </param>
            <param index="1">
              <value>
                <![CDATA[SK3949]]>
              </value>
            </param>
            <param index="2">
              <value>
                <![CDATA[PN2023120500003]]>
              </value>
            </param>
            <param index="3">
              <value>
                <![CDATA[Đã tồn tại số khung]]>
              </value>
            </param>
          </params>
          <exception class="java.lang.AssertionError">
            <message>
              <![CDATA[expected [Đã tồn tại số khung] but found [Đã thêm xe vào phiếu nhập]]]>
            </message>
            <full-stacktrace>
              <![CDATA[java.lang.AssertionError: expected [Đã tồn tại số khung] but found [Đã thêm xe vào phiếu nhập]
at org.testng.Assert.fail(Assert.java:99)
at org.testng.Assert.failNotEquals(Assert.java:1037)
at org.testng.Assert.assertEqualsImpl(Assert.java:140)
at org.testng.Assert.assertEquals(Assert.java:122)
at org.testng.Assert.assertEquals(Assert.java:629)
at org.testng.Assert.assertEquals(Assert.java:639)
at com.ttt.TEST.TestPhieuNhap.themXeVaoPhieuNhapTest(TestPhieuNhap.java:270)
at java.base/jdk.internal.reflect.DirectMethodHandleAccessor.invoke(DirectMethodHandleAccessor.java:104)
at java.base/java.lang.reflect.Method.invoke(Method.java:577)
at org.testng.internal.MethodInvocationHelper.invokeMethod(MethodInvocationHelper.java:133)
at org.testng.internal.TestInvoker.invokeMethod(TestInvoker.java:598)
at org.testng.internal.TestInvoker.invokeTestMethod(TestInvoker.java:173)
at org.testng.internal.MethodRunner.runInSequence(MethodRunner.java:46)
at org.testng.internal.TestInvoker$MethodInvocationAgent.invoke(TestInvoker.java:824)
at org.testng.internal.TestInvoker.invokeTestMethods(TestInvoker.java:146)
at org.testng.internal.TestMethodWorker.invokeTestMethods(TestMethodWorker.java:146)
at org.testng.internal.TestMethodWorker.run(TestMethodWorker.java:128)
at java.base/java.util.ArrayList.forEach(ArrayList.java:1511)
at org.testng.TestRunner.privateRun(TestRunner.java:794)
at org.testng.TestRunner.run(TestRunner.java:596)
at org.testng.SuiteRunner.runTest(SuiteRunner.java:377)
at org.testng.SuiteRunner.runSequentially(SuiteRunner.java:371)
at org.testng.SuiteRunner.privateRun(SuiteRunner.java:332)
at org.testng.SuiteRunner.run(SuiteRunner.java:276)
at org.testng.SuiteRunnerWorker.runSuite(SuiteRunnerWorker.java:53)
at org.testng.SuiteRunnerWorker.run(SuiteRunnerWorker.java:96)
at org.testng.TestNG.runSuitesSequentially(TestNG.java:1212)
at org.testng.TestNG.runSuitesLocally(TestNG.java:1134)
at org.testng.TestNG.runSuites(TestNG.java:1063)
at org.testng.TestNG.run(TestNG.java:1031)
at org.testng.remote.AbstractRemoteTestNG.run(AbstractRemoteTestNG.java:115)
at org.testng.remote.RemoteTestNG.initAndRun(RemoteTestNG.java:251)
at org.testng.remote.RemoteTestNG.main(RemoteTestNG.java:77)
]]>
            </full-stacktrace>
          </exception> <!-- java.lang.AssertionError -->
          <reporter-output>
          </reporter-output>
        </test-method> <!-- themXeVaoPhieuNhapTest -->
        <test-method signature="themXeVaoPhieuNhapTest(boolean,java.lang.String,java.lang.String,java.lang.String)[pri:0, instance:com.ttt.TEST.TestPhieuNhap@3c9754d8]" started-at="2023-12-07T14:01:29 ICT" name="themXeVaoPhieuNhapTest" data-provider="dataChiTietPhieuNhap" finished-at="2023-12-07T14:01:29 ICT" duration-ms="31" status="PASS">
          <params>
            <param index="0">
              <value>
                <![CDATA[true]]>
              </value>
            </param>
            <param index="1">
              <value>
                <![CDATA[SK7122]]>
              </value>
            </param>
            <param index="2">
              <value>
                <![CDATA[PN2023120500004]]>
              </value>
            </param>
            <param index="3">
              <value>
                <![CDATA[Đã thêm xe vào phiếu nhập]]>
              </value>
            </param>
          </params>
          <reporter-output>
          </reporter-output>
        </test-method> <!-- themXeVaoPhieuNhapTest -->
        <test-method signature="themXeVaoPhieuNhapTest(boolean,java.lang.String,java.lang.String,java.lang.String)[pri:0, instance:com.ttt.TEST.TestPhieuNhap@3c9754d8]" started-at="2023-12-07T14:01:29 ICT" name="themXeVaoPhieuNhapTest" data-provider="dataChiTietPhieuNhap" finished-at="2023-12-07T14:01:29 ICT" duration-ms="27" status="PASS">
          <params>
            <param index="0">
              <value>
                <![CDATA[true]]>
              </value>
            </param>
            <param index="1">
              <value>
                <![CDATA[SK7123]]>
              </value>
            </param>
            <param index="2">
              <value>
                <![CDATA[PN2023072100002]]>
              </value>
            </param>
            <param index="3">
              <value>
                <![CDATA[Đã thêm xe vào phiếu nhập]]>
              </value>
            </param>
          </params>
          <reporter-output>
          </reporter-output>
        </test-method> <!-- themXeVaoPhieuNhapTest -->
        <test-method signature="themXeVaoPhieuNhapTest(boolean,java.lang.String,java.lang.String,java.lang.String)[pri:0, instance:com.ttt.TEST.TestPhieuNhap@3c9754d8]" started-at="2023-12-07T14:01:29 ICT" name="themXeVaoPhieuNhapTest" data-provider="dataChiTietPhieuNhap" finished-at="2023-12-07T14:01:29 ICT" duration-ms="0" status="PASS">
          <params>
            <param index="0">
              <value>
                <![CDATA[false]]>
              </value>
            </param>
            <param index="1">
              <value>
                <![CDATA[SK7143]]>
              </value>
            </param>
            <param index="2">
              <value>
                <![CDATA[PN2023072100004]]>
              </value>
            </param>
            <param index="3">
              <value>
                <![CDATA[Dữ liệu chưa hợp lệ]]>
              </value>
            </param>
          </params>
          <reporter-output>
          </reporter-output>
        </test-method> <!-- themXeVaoPhieuNhapTest -->
        <test-method signature="xoaTest(java.lang.Boolean,java.lang.String,java.lang.String,java.lang.String,double,boolean,java.lang.String)[pri:0, instance:com.ttt.TEST.TestPhieuNhap@3c9754d8]" started-at="2023-12-07T14:01:29 ICT" name="xoaTest" data-provider="dataXoa" finished-at="2023-12-07T14:01:29 ICT" duration-ms="24" status="PASS">
          <params>
            <param index="0">
              <value>
                <![CDATA[false]]>
              </value>
            </param>
            <param index="1">
              <value>
                <![CDATA[PN2023120600006]]>
              </value>
            </param>
            <param index="2">
              <value is-null="true"/>
            </param>
            <param index="3">
              <value is-null="true"/>
            </param>
            <param index="4">
              <value>
                <![CDATA[0.0]]>
              </value>
            </param>
            <param index="5">
              <value>
                <![CDATA[true]]>
              </value>
            </param>
            <param index="6">
              <value>
                <![CDATA[Thông báo phiếu nhập chưa có trong cơ sở dữ liệu. Vui lòng chọn phiếu nhập khác]]>
              </value>
            </param>
          </params>
          <reporter-output>
          </reporter-output>
        </test-method> <!-- xoaTest -->
        <test-method signature="xoaTest(java.lang.Boolean,java.lang.String,java.lang.String,java.lang.String,double,boolean,java.lang.String)[pri:0, instance:com.ttt.TEST.TestPhieuNhap@3c9754d8]" started-at="2023-12-07T14:01:29 ICT" name="xoaTest" data-provider="dataXoa" finished-at="2023-12-07T14:01:29 ICT" duration-ms="18" status="PASS">
          <params>
            <param index="0">
              <value>
                <![CDATA[false]]>
              </value>
            </param>
            <param index="1">
              <value>
                <![CDATA[PN2023081700007]]>
              </value>
            </param>
            <param index="2">
              <value>
                <![CDATA[SK 1234]]>
              </value>
            </param>
            <param index="3">
              <value>
                <![CDATA[SM 112]]>
              </value>
            </param>
            <param index="4">
              <value>
                <![CDATA[900]]>
              </value>
            </param>
            <param index="5">
              <value>
                <![CDATA[false]]>
              </value>
            </param>
            <param index="6">
              <value>
                <![CDATA[Bạn không xác nhận xóa]]>
              </value>
            </param>
          </params>
          <reporter-output>
          </reporter-output>
        </test-method> <!-- xoaTest -->
        <test-method signature="xoaTest(java.lang.Boolean,java.lang.String,java.lang.String,java.lang.String,double,boolean,java.lang.String)[pri:0, instance:com.ttt.TEST.TestPhieuNhap@3c9754d8]" started-at="2023-12-07T14:01:29 ICT" name="xoaTest" data-provider="dataXoa" finished-at="2023-12-07T14:01:29 ICT" duration-ms="0" status="PASS">
          <params>
            <param index="0">
              <value>
                <![CDATA[true]]>
              </value>
            </param>
            <param index="1">
              <value>
                <![CDATA[PN2023072100005]]>
              </value>
            </param>
            <param index="2">
              <value>
                <![CDATA[SK 1091]]>
              </value>
            </param>
            <param index="3">
              <value>
                <![CDATA[SM 4523]]>
              </value>
            </param>
            <param index="4">
              <value>
                <![CDATA[900]]>
              </value>
            </param>
            <param index="5">
              <value>
                <![CDATA[true]]>
              </value>
            </param>
            <param index="6">
              <value>
                <![CDATA[Bạn không có quyền xóa phiếu nhập]]>
              </value>
            </param>
          </params>
          <reporter-output>
          </reporter-output>
        </test-method> <!-- xoaTest -->
        <test-method signature="xoaTest(java.lang.Boolean,java.lang.String,java.lang.String,java.lang.String,double,boolean,java.lang.String)[pri:0, instance:com.ttt.TEST.TestPhieuNhap@3c9754d8]" started-at="2023-12-07T14:01:29 ICT" name="xoaTest" data-provider="dataXoa" finished-at="2023-12-07T14:01:29 ICT" duration-ms="21" status="PASS">
          <params>
            <param index="0">
              <value>
                <![CDATA[false]]>
              </value>
            </param>
            <param index="1">
              <value>
                <![CDATA[PN2023072100003]]>
              </value>
            </param>
            <param index="2">
              <value>
                <![CDATA[SK8054]]>
              </value>
            </param>
            <param index="3">
              <value>
                <![CDATA[SM7979]]>
              </value>
            </param>
            <param index="4">
              <value>
                <![CDATA[700]]>
              </value>
            </param>
            <param index="5">
              <value>
                <![CDATA[true]]>
              </value>
            </param>
            <param index="6">
              <value>
                <![CDATA[Xóa thành công]]>
              </value>
            </param>
          </params>
          <reporter-output>
          </reporter-output>
        </test-method> <!-- xoaTest -->
      </class> <!-- com.ttt.TEST.TestPhieuNhap -->
      <class name="com.ttt.TEST.TestPhieuXuat">
        <test-method signature="checkNullTest(java.lang.String,java.lang.String,java.lang.String,java.lang.String)[pri:0, instance:com.ttt.TEST.TestPhieuXuat@40005471]" started-at="2023-12-07T14:01:29 ICT" name="checkNullTest" data-provider="checkNullDataProvider" finished-at="2023-12-07T14:01:29 ICT" duration-ms="1" status="PASS">
          <params>
            <param index="0">
              <value>
                <![CDATA[]]>
              </value>
            </param>
            <param index="1">
              <value>
                <![CDATA[PXK001]]>
              </value>
            </param>
            <param index="2">
              <value>
                <![CDATA[126]]>
              </value>
            </param>
            <param index="3">
              <value>
                <![CDATA[Vui lòng chọn số khung]]>
              </value>
            </param>
          </params>
          <reporter-output>
          </reporter-output>
        </test-method> <!-- checkNullTest -->
        <test-method signature="checkNullTest(java.lang.String,java.lang.String,java.lang.String,java.lang.String)[pri:0, instance:com.ttt.TEST.TestPhieuXuat@40005471]" started-at="2023-12-07T14:01:29 ICT" name="checkNullTest" data-provider="checkNullDataProvider" finished-at="2023-12-07T14:01:29 ICT" duration-ms="1" status="PASS">
          <params>
            <param index="0">
              <value>
                <![CDATA[PX001]]>
              </value>
            </param>
            <param index="1">
              <value>
                <![CDATA[PXK001]]>
              </value>
            </param>
            <param index="2">
              <value>
                <![CDATA[-124]]>
              </value>
            </param>
            <param index="3">
              <value>
                <![CDATA[Không được nhập âm giá xuất]]>
              </value>
            </param>
          </params>
          <reporter-output>
          </reporter-output>
        </test-method> <!-- checkNullTest -->
        <test-method signature="checkNullTest(java.lang.String,java.lang.String,java.lang.String,java.lang.String)[pri:0, instance:com.ttt.TEST.TestPhieuXuat@40005471]" started-at="2023-12-07T14:01:29 ICT" name="checkNullTest" data-provider="checkNullDataProvider" finished-at="2023-12-07T14:01:29 ICT" duration-ms="0" status="PASS">
          <params>
            <param index="0">
              <value>
                <![CDATA[PX001]]>
              </value>
            </param>
            <param index="1">
              <value>
                <![CDATA[PXK001]]>
              </value>
            </param>
            <param index="2">
              <value is-null="true"/>
            </param>
            <param index="3">
              <value>
                <![CDATA[Vui lòng nhập giá xuất]]>
              </value>
            </param>
          </params>
          <reporter-output>
          </reporter-output>
        </test-method> <!-- checkNullTest -->
        <test-method signature="checkNullTest(java.lang.String,java.lang.String,java.lang.String,java.lang.String)[pri:0, instance:com.ttt.TEST.TestPhieuXuat@40005471]" started-at="2023-12-07T14:01:29 ICT" name="checkNullTest" data-provider="checkNullDataProvider" finished-at="2023-12-07T14:01:29 ICT" duration-ms="0" status="PASS">
          <params>
            <param index="0">
              <value>
                <![CDATA[PX001]]>
              </value>
            </param>
            <param index="1">
              <value>
                <![CDATA[PXK001]]>
              </value>
            </param>
            <param index="2">
              <value>
                <![CDATA[phieuXuat]]>
              </value>
            </param>
            <param index="3">
              <value>
                <![CDATA[Giá nhập sai kiểu dữ liệu]]>
              </value>
            </param>
          </params>
          <reporter-output>
          </reporter-output>
        </test-method> <!-- checkNullTest -->
        <test-method signature="lamMoiTest(java.lang.String,java.lang.String,java.lang.String,java.lang.String,java.lang.String)[pri:0, instance:com.ttt.TEST.TestPhieuXuat@40005471]" started-at="2023-12-07T14:01:29 ICT" name="lamMoiTest" data-provider="lamMoiTestProvider" finished-at="2023-12-07T14:01:29 ICT" duration-ms="1" status="PASS">
          <params>
            <param index="0">
              <value>
                <![CDATA[]]>
              </value>
            </param>
            <param index="1">
              <value>
                <![CDATA[]]>
              </value>
            </param>
            <param index="2">
              <value>
                <![CDATA[]]>
              </value>
            </param>
            <param index="3">
              <value>
                <![CDATA[]]>
              </value>
            </param>
            <param index="4">
              <value>
                <![CDATA[Làm mới thành công]]>
              </value>
            </param>
          </params>
          <reporter-output>
          </reporter-output>
        </test-method> <!-- lamMoiTest -->
        <test-method signature="lamMoiTest(java.lang.String,java.lang.String,java.lang.String,java.lang.String,java.lang.String)[pri:0, instance:com.ttt.TEST.TestPhieuXuat@40005471]" started-at="2023-12-07T14:01:29 ICT" name="lamMoiTest" data-provider="lamMoiTestProvider" finished-at="2023-12-07T14:01:29 ICT" duration-ms="0" status="PASS">
          <params>
            <param index="0">
              <value>
                <![CDATA[PXK123]]>
              </value>
            </param>
            <param index="1">
              <value>
                <![CDATA[]]>
              </value>
            </param>
            <param index="2">
              <value>
                <![CDATA[]]>
              </value>
            </param>
            <param index="3">
              <value>
                <![CDATA[]]>
              </value>
            </param>
            <param index="4">
              <value>
                <![CDATA[Làm mới không thành công]]>
              </value>
            </param>
          </params>
          <reporter-output>
          </reporter-output>
        </test-method> <!-- lamMoiTest -->
[...]
                <![CDATA[Thu Dec 07 14:01:27 ICT 2023]]>
              </value>
            </param>
            <param index="3">
              <value is-null="true"/>
            </param>
            <param index="4">
              <value is-null="true"/>
            </param>
            <param index="5">
              <value>
                <![CDATA[dienGiai]]>
              </value>
            </param>
            <param index="6">
              <value>
                <![CDATA[15]]>
              </value>
            </param>
            <param index="7">
              <value is-null="true"/>
            </param>
            <param index="8">
              <value is-null="true"/>
            </param>
            <param index="9">
              <value is-null="true"/>
            </param>
            <param index="10">
              <value>
                <![CDATA[VT03]]>
              </value>
            </param>
            <param index="11">
              <value>
                <![CDATA[FCJLTC]]>
              </value>
            </param>
            <param index="12">
              <value>
                <![CDATA[SK8054]]>
              </value>
            </param>
            <param index="13">
              <value>
                <![CDATA[SM7979]]>
              </value>
            </param>
            <param index="14">
              <value>
                <![CDATA[1]]>
              </value>
            </param>
            <param index="15">
              <value>
                <![CDATA[700]]>
              </value>
            </param>
            <param index="16">
              <value>
                <![CDATA[0]]>
              </value>
            </param>
            <param index="17">
              <value>
                <![CDATA[0]]>
              </value>
            </param>
            <param index="18">
              <value>
                <![CDATA[0]]>
              </value>
            </param>
            <param index="19">
              <value is-null="true"/>
            </param>
            <param index="20">
              <value is-null="true"/>
            </param>
            <param index="21">
              <value is-null="true"/>
            </param>
            <param index="22">
              <value is-null="true"/>
            </param>
            <param index="23">
              <value>
                <![CDATA[true]]>
              </value>
            </param>
            <param index="24">
              <value>
                <![CDATA[Đã thêm xe vào phiếu nhập]]>
              </value>
            </param>
          </params>
          <reporter-output>
          </reporter-output>
        </test-method> <!-- themPhieuNhapTest -->
        <test-method signature="themXeVaoPhieuNhapTest(boolean,java.lang.String,java.lang.String,java.lang.String)[pri:0, instance:com.ttt.TEST.TestPhieuNhap@5b94b04d]" started-at="2023-12-07T14:01:28 ICT" name="themXeVaoPhieuNhapTest" data-provider="dataChiTietPhieuNhap" finished-at="2023-12-07T14:01:28 ICT" duration-ms="24" status="PASS">
          <params>
            <param index="0">
              <value>
                <![CDATA[true]]>
              </value>
            </param>
            <param index="1">
              <value>
                <![CDATA[SK 7543]]>
              </value>
            </param>
            <param index="2">
              <value>
                <![CDATA[PN2023072100004]]>
              </value>
            </param>
            <param index="3">
              <value>
                <![CDATA[Đã tồn tại số khung]]>
              </value>
            </param>
          </params>
          <reporter-output>
          </reporter-output>
        </test-method> <!-- themXeVaoPhieuNhapTest -->
        <test-method signature="themXeVaoPhieuNhapTest(boolean,java.lang.String,java.lang.String,java.lang.String)[pri:0, instance:com.ttt.TEST.TestPhieuNhap@5b94b04d]" started-at="2023-12-07T14:01:28 ICT" name="themXeVaoPhieuNhapTest" data-provider="dataChiTietPhieuNhap" finished-at="2023-12-07T14:01:28 ICT" duration-ms="27" status="FAIL">
          <params>
            <param index="0">
              <value>
                <![CDATA[true]]>
              </value>
            </param>
            <param index="1">
              <value>
                <![CDATA[SK8054]]>
              </value>
            </param>
            <param index="2">
              <value>
                <![CDATA[PN2023072100004]]>
              </value>
            </param>
            <param index="3">
              <value>
                <![CDATA[Đã tồn tại số khung]]>
              </value>
            </param>
          </params>
          <exception class="java.lang.AssertionError">
            <message>
              <![CDATA[expected [Đã tồn tại số khung] but found [Đã thêm xe vào phiếu nhập]]]>
            </message>
            <full-stacktrace>
              <![CDATA[java.lang.AssertionError: expected [Đã tồn tại số khung] but found [Đã thêm xe vào phiếu nhập]
at org.testng.Assert.fail(Assert.java:99)
at org.testng.Assert.failNotEquals(Assert.java:1037)
at org.testng.Assert.assertEqualsImpl(Assert.java:140)
at org.testng.Assert.assertEquals(Assert.java:122)
at org.testng.Assert.assertEquals(Assert.java:629)
at org.testng.Assert.assertEquals(Assert.java:639)
at com.ttt.TEST.TestPhieuNhap.themXeVaoPhieuNhapTest(TestPhieuNhap.java:270)
at java.base/jdk.internal.reflect.DirectMethodHandleAccessor.invoke(DirectMethodHandleAccessor.java:104)
at java.base/java.lang.reflect.Method.invoke(Method.java:577)
at org.testng.internal.MethodInvocationHelper.invokeMethod(MethodInvocationHelper.java:133)
at org.testng.internal.TestInvoker.invokeMethod(TestInvoker.java:598)
at org.testng.internal.TestInvoker.invokeTestMethod(TestInvoker.java:173)
at org.testng.internal.MethodRunner.runInSequence(MethodRunner.java:46)
at org.testng.internal.TestInvoker$MethodInvocationAgent.invoke(TestInvoker.java:824)
at org.testng.internal.TestInvoker.invokeTestMethods(TestInvoker.java:146)
at org.testng.internal.TestMethodWorker.invokeTestMethods(TestMethodWorker.java:146)
at org.testng.internal.TestMethodWorker.run(TestMethodWorker.java:128)
at java.base/java.util.ArrayList.forEach(ArrayList.java:1511)
at org.testng.TestRunner.privateRun(TestRunner.java:794)
at org.testng.TestRunner.run(TestRunner.java:596)
at org.testng.SuiteRunner.runTest(SuiteRunner.java:377)
at org.testng.SuiteRunner.runSequentially(SuiteRunner.java:371)
at org.testng.SuiteRunner.privateRun(SuiteRunner.java:332)
at org.testng.SuiteRunner.run(SuiteRunner.java:276)
at org.testng.SuiteRunnerWorker.runSuite(SuiteRunnerWorker.java:53)
at org.testng.SuiteRunnerWorker.run(SuiteRunnerWorker.java:96)
at org.testng.TestNG.runSuitesSequentially(TestNG.java:1212)
at org.testng.TestNG.runSuitesSequentially(TestNG.java:1207)
at org.testng.TestNG.runSuitesLocally(TestNG.java:1134)
at org.testng.TestNG.runSuites(TestNG.java:1063)
at org.testng.TestNG.run(TestNG.java:1031)
at org.testng.remote.AbstractRemoteTestNG.run(AbstractRemoteTestNG.java:115)
at org.testng.remote.RemoteTestNG.initAndRun(RemoteTestNG.java:251)
at org.testng.remote.RemoteTestNG.main(RemoteTestNG.java:77)
]]>
            </full-stacktrace>
          </exception> <!-- java.lang.AssertionError -->
          <reporter-output>
          </reporter-output>
        </test-method> <!-- themXeVaoPhieuNhapTest -->
        <test-method signature="themXeVaoPhieuNhapTest(boolean,java.lang.String,java.lang.String,java.lang.String)[pri:0, instance:com.ttt.TEST.TestPhieuNhap@5b94b04d]" started-at="2023-12-07T14:01:28 ICT" name="themXeVaoPhieuNhapTest" data-provider="dataChiTietPhieuNhap" finished-at="2023-12-07T14:01:28 ICT" duration-ms="35" status="FAIL">
          <params>
            <param index="0">
              <value>
                <![CDATA[true]]>
              </value>
            </param>
            <param index="1">
              <value>
                <![CDATA[SK3949]]>
              </value>
            </param>
            <param index="2">
              <value>
                <![CDATA[PN2023120500003]]>
              </value>
            </param>
            <param index="3">
              <value>
                <![CDATA[Đã tồn tại số khung]]>
              </value>
            </param>
          </params>
          <exception class="java.lang.AssertionError">
            <message>
              <![CDATA[expected [Đã tồn tại số khung] but found [Đã thêm xe vào phiếu nhập]]]>
            </message>
            <full-stacktrace>
              <![CDATA[java.lang.AssertionError: expected [Đã tồn tại số khung] but found [Đã thêm xe vào phiếu nhập]
at org.testng.Assert.fail(Assert.java:99)
at org.testng.Assert.failNotEquals(Assert.java:1037)
at org.testng.Assert.assertEqualsImpl(Assert.java:140)
at org.testng.Assert.assertEquals(Assert.java:122)
at org.testng.Assert.assertEquals(Assert.java:629)
at org.testng.Assert.assertEquals(Assert.java:639)
at com.ttt.TEST.TestPhieuNhap.themXeVaoPhieuNhapTest(TestPhieuNhap.java:270)
at java.base/jdk.internal.reflect.DirectMethodHandleAccessor.invoke(DirectMethodHandleAccessor.java:104)
at java.base/java.lang.reflect.Method.invoke(Method.java:577)
at org.testng.internal.MethodInvocationHelper.invokeMethod(MethodInvocationHelper.java:133)
at org.testng.internal.TestInvoker.invokeMethod(TestInvoker.java:598)
at org.testng.internal.TestInvoker.invokeTestMethod(TestInvoker.java:173)
at org.testng.internal.MethodRunner.runInSequence(MethodRunner.java:46)
at org.testng.internal.TestInvoker$MethodInvocationAgent.invoke(TestInvoker.java:824)
at org.testng.internal.TestInvoker.invokeTestMethods(TestInvoker.java:146)
at org.testng.internal.TestMethodWorker.invokeTestMethods(TestMethodWorker.java:146)
at org.testng.internal.TestMethodWorker.run(TestMethodWorker.java:128)
at java.base/java.util.ArrayList.forEach(ArrayList.java:1511)
at org.testng.TestRunner.privateRun(TestRunner.java:794)
at org.testng.TestRunner.run(TestRunner.java:596)
at org.testng.SuiteRunner.runTest(SuiteRunner.java:377)
at org.testng.SuiteRunner.runSequentially(SuiteRunner.java:371)
at org.testng.SuiteRunner.privateRun(SuiteRunner.java:332)
at org.testng.SuiteRunner.run(SuiteRunner.java:276)
at org.testng.SuiteRunnerWorker.runSuite(SuiteRunnerWorker.java:53)
at org.testng.SuiteRunnerWorker.run(SuiteRunnerWorker.java:96)
at org.testng.TestNG.runSuitesSequentially(TestNG.java:1212)
at org.testng.TestNG.runSuitesSequentially(TestNG.java:1207)
at org.testng.TestNG.runSuitesLocally(TestNG.java:1134)
at org.testng.TestNG.runSuites(TestNG.java:1063)
at org.testng.TestNG.run(TestNG.java:1031)
at org.testng.remote.AbstractRemoteTestNG.run(AbstractRemoteTestNG.java:115)
at org.testng.remote.RemoteTestNG.initAndRun(RemoteTestNG.java:251)
at org.testng.remote.RemoteTestNG.main(RemoteTestNG.java:77)
]]>
            </full-stacktrace>
          </exception> <!-- java.lang.AssertionError -->
          <reporter-output>
          </reporter-output>
        </test-method> <!-- themXeVaoPhieuNhapTest -->
        <test-method signature="themXeVaoPhieuNhapTest(boolean,java.lang.String,java.lang.String,java.lang.String)[pri:0, instance:com.ttt.TEST.TestPhieuNhap@5b94b04d]" started-at="2023-12-07T14:01:28 ICT" name="themXeVaoPhieuNhapTest" data-provider="dataChiTietPhieuNhap" finished-at="2023-12-07T14:01:28 ICT" duration-ms="28" status="PASS">
          <params>
            <param index="0">
              <value>
                <![CDATA[true]]>
              </value>
            </param>
            <param index="1">
              <value>
                <![CDATA[SK7122]]>
              </value>
            </param>
            <param index="2">
              <value>
                <![CDATA[PN2023120500004]]>
              </value>
            </param>
            <param index="3">
              <value>
                <![CDATA[Đã thêm xe vào phiếu nhập]]>
              </value>
            </param>
          </params>
          <reporter-output>
          </reporter-output>
        </test-method> <!-- themXeVaoPhieuNhapTest -->
        <test-method signature="themXeVaoPhieuNhapTest(boolean,java.lang.String,java.lang.String,java.lang.String)[pri:0, instance:com.ttt.TEST.TestPhieuNhap@5b94b04d]" started-at="2023-12-07T14:01:28 ICT" name="themXeVaoPhieuNhapTest" data-provider="dataChiTietPhieuNhap" finished-at="2023-12-07T14:01:28 ICT" duration-ms="23" status="PASS">
          <params>
            <param index="0">
              <value>
                <![CDATA[true]]>
              </value>
            </param>
            <param index="1">
              <value>
                <![CDATA[SK7123]]>
              </value>
            </param>
            <param index="2">
              <value>
                <![CDATA[PN2023072100002]]>
              </value>
            </param>
            <param index="3">
              <value>
                <![CDATA[Đã thêm xe vào phiếu nhập]]>
              </value>
            </param>
          </params>
          <reporter-output>
          </reporter-output>
        </test-method> <!-- themXeVaoPhieuNhapTest -->
        <test-method signature="themXeVaoPhieuNhapTest(boolean,java.lang.String,java.lang.String,java.lang.String)[pri:0, instance:com.ttt.TEST.TestPhieuNhap@5b94b04d]" started-at="2023-12-07T14:01:28 ICT" name="themXeVaoPhieuNhapTest" data-provider="dataChiTietPhieuNhap" finished-at="2023-12-07T14:01:28 ICT" duration-ms="1" status="PASS">
          <params>
            <param index="0">
              <value>
                <![CDATA[false]]>
              </value>
            </param>
            <param index="1">
              <value>
                <![CDATA[SK7143]]>
              </value>
            </param>
            <param index="2">
              <value>
                <![CDATA[PN2023072100004]]>
              </value>
            </param>
            <param index="3">
              <value>
                <![CDATA[Dữ liệu chưa hợp lệ]]>
              </value>
            </param>
          </params>
          <reporter-output>
          </reporter-output>
        </test-method> <!-- themXeVaoPhieuNhapTest -->
        <test-method signature="xoaTest(java.lang.Boolean,java.lang.String,java.lang.String,java.lang.String,double,boolean,java.lang.String)[pri:0, instance:com.ttt.TEST.TestPhieuNhap@5b94b04d]" started-at="2023-12-07T14:01:28 ICT" name="xoaTest" data-provider="dataXoa" finished-at="2023-12-07T14:01:28 ICT" duration-ms="31" status="PASS">
          <params>
            <param index="0">
              <value>
                <![CDATA[false]]>
              </value>
            </param>
            <param index="1">
              <value>
                <![CDATA[PN2023120600006]]>
              </value>
            </param>
            <param index="2">
              <value is-null="true"/>
            </param>
            <param index="3">
              <value is-null="true"/>
            </param>
            <param index="4">
              <value>
                <![CDATA[0.0]]>
              </value>
            </param>
            <param index="5">
              <value>
                <![CDATA[true]]>
              </value>
            </param>
            <param index="6">
              <value>
                <![CDATA[Thông báo phiếu nhập chưa có trong cơ sở dữ liệu. Vui lòng chọn phiếu nhập khác]]>
              </value>
            </param>
          </params>
          <reporter-output>
          </reporter-output>
        </test-method> <!-- xoaTest -->
        <test-method signature="xoaTest(java.lang.Boolean,java.lang.String,java.lang.String,java.lang.String,double,boolean,java.lang.String)[pri:0, instance:com.ttt.TEST.TestPhieuNhap@5b94b04d]" started-at="2023-12-07T14:01:28 ICT" name="xoaTest" data-provider="dataXoa" finished-at="2023-12-07T14:01:28 ICT" duration-ms="24" status="PASS">
          <params>
            <param index="0">
              <value>
                <![CDATA[false]]>
              </value>
            </param>
            <param index="1">
              <value>
                <![CDATA[PN2023081700007]]>
              </value>
            </param>
            <param index="2">
              <value>
                <![CDATA[SK 1234]]>
              </value>
            </param>
            <param index="3">
              <value>
                <![CDATA[SM 112]]>
              </value>
            </param>
            <param index="4">
              <value>
                <![CDATA[900]]>
              </value>
            </param>
            <param index="5">
              <value>
                <![CDATA[false]]>
              </value>
            </param>
            <param index="6">
              <value>
                <![CDATA[Bạn không xác nhận xóa]]>
              </value>
            </param>
          </params>
          <reporter-output>
          </reporter-output>
        </test-method> <!-- xoaTest -->
        <test-method signature="xoaTest(java.lang.Boolean,java.lang.String,java.lang.String,java.lang.String,double,boolean,java.lang.String)[pri:0, instance:com.ttt.TEST.TestPhieuNhap@5b94b04d]" started-at="2023-12-07T14:01:28 ICT" name="xoaTest" data-provider="dataXoa" finished-at="2023-12-07T14:01:28 ICT" duration-ms="1" status="PASS">
          <params>
            <param index="0">
              <value>
                <![CDATA[true]]>
              </value>
            </param>
            <param index="1">
              <value>
                <![CDATA[PN2023072100005]]>
              </value>
            </param>
            <param index="2">
              <value>
                <![CDATA[SK 1091]]>
              </value>
            </param>
            <param index="3">
              <value>
                <![CDATA[SM 4523]]>
              </value>
            </param>
            <param index="4">
              <value>
                <![CDATA[900]]>
              </value>
            </param>
            <param index="5">
              <value>
                <![CDATA[true]]>
              </value>
            </param>
            <param index="6">
              <value>
                <![CDATA[Bạn không có quyền xóa phiếu nhập]]>
              </value>
            </param>
          </params>
          <reporter-output>
          </reporter-output>
        </test-method> <!-- xoaTest -->
        <test-method signature="xoaTest(java.lang.Boolean,java.lang.String,java.lang.String,java.lang.String,double,boolean,java.lang.String)[pri:0, instance:com.ttt.TEST.TestPhieuNhap@5b94b04d]" started-at="2023-12-07T14:01:28 ICT" name="xoaTest" data-provider="dataXoa" finished-at="2023-12-07T14:01:28 ICT" duration-ms="19" status="PASS">
          <params>
            <param index="0">
              <value>
                <![CDATA[false]]>
              </value>
            </param>
            <param index="1">
              <value>
                <![CDATA[PN2023072100003]]>
              </value>
            </param>
            <param index="2">
              <value>
                <![CDATA[SK8054]]>
              </value>
            </param>
            <param index="3">
              <value>
                <![CDATA[SM7979]]>
              </value>
            </param>
            <param index="4">
              <value>
                <![CDATA[700]]>
              </value>
            </param>
            <param index="5">
              <value>
                <![CDATA[true]]>
              </value>
            </param>
            <param index="6">
              <value>
                <![CDATA[Xóa thành công]]>
              </value>
            </param>
          </params>
          <reporter-output>
          </reporter-output>
        </test-method> <!-- xoaTest -->
      </class> <!-- com.ttt.TEST.TestPhieuNhap -->
    </test> <!-- TestPhieuNhap -->
  </suite> <!-- SuitePhieuNhap -->
</testng-results>
